ERROR - 2024-02-20 12:00:31 --> Error connecting to the database: mysqli_sql_exception: No such file or directory in /Users/rohitshakya/Desktop/My Projects/auction/vendor/codeigniter4/framework/system/Database/MySQLi/Connection.php:184
Stack trace:
#0 /Users/rohitshakya/Desktop/My Projects/auction/vendor/codeigniter4/framework/system/Database/MySQLi/Connection.php(184): mysqli->real_connect('localhost', '', Object(SensitiveParameterValue), '', 3306, '', 0)
#1 /Users/rohitshakya/Desktop/My Projects/auction/vendor/codeigniter4/framework/system/Database/BaseConnection.php(392): CodeIgniter\Database\MySQLi\Connection->connect(false)
#2 /Users/rohitshakya/Desktop/My Projects/auction/vendor/codeigniter4/framework/system/Database/BaseConnection.php(575): CodeIgniter\Database\BaseConnection->initialize()
#3 /Users/rohitshakya/Desktop/My Projects/auction/vendor/codeigniter4/framework/system/Database/BaseBuilder.php(1616): CodeIgniter\Database\BaseConnection->query('SELECT *\nFROM `...', Array, false)
#4 /Users/rohitshakya/Desktop/My Projects/auction/vendor/codeigniter4/framework/system/Model.php(242): CodeIgniter\Database\BaseBuilder->get()
#5 /Users/rohitshakya/Desktop/My Projects/auction/vendor/codeigniter4/framework/system/BaseModel.php(638): CodeIgniter\Model->doFindAll(0, 0)
#6 /Users/rohitshakya/Desktop/My Projects/auction/app/Models/ContractModel.php(16): CodeIgniter\BaseModel->findAll()
#7 /Users/rohitshakya/Desktop/My Projects/auction/app/Controllers/ContractController.php(19): App\Models\ContractModel->getAllContracts()
#8 /Users/rohitshakya/Desktop/My Projects/auction/vendor/codeigniter4/framework/system/CodeIgniter.php(941): App\Controllers\ContractController->getContracts()
#9 /Users/rohitshakya/Desktop/My Projects/auction/vendor/codeigniter4/framework/system/CodeIgniter.php(502): CodeIgniter\CodeIgniter->runController(Object(App\Controllers\ContractController))
#10 /Users/rohitshakya/Desktop/My Projects/auction/vendor/codeigniter4/framework/system/CodeIgniter.php(361): CodeIgniter\CodeIgniter->handleRequest(NULL, Object(Config\Cache), false)
#11 /Users/rohitshakya/Desktop/My Projects/auction/public/index.php(79): CodeIgniter\CodeIgniter->run()
#12 /Users/rohitshakya/Desktop/My Projects/auction/vendor/codeigniter4/framework/system/Commands/Server/rewrite.php(47): require_once('/Users/rohitsha...')
#13 {main}

Next CodeIgniter\Database\Exceptions\DatabaseException: No such file or directory in /Users/rohitshakya/Desktop/My Projects/auction/vendor/codeigniter4/framework/system/Database/MySQLi/Connection.php:229
Stack trace:
#0 /Users/rohitshakya/Desktop/My Projects/auction/vendor/codeigniter4/framework/system/Database/BaseConnection.php(392): CodeIgniter\Database\MySQLi\Connection->connect(false)
#1 /Users/rohitshakya/Desktop/My Projects/auction/vendor/codeigniter4/framework/system/Database/BaseConnection.php(575): CodeIgniter\Database\BaseConnection->initialize()
#2 /Users/rohitshakya/Desktop/My Projects/auction/vendor/codeigniter4/framework/system/Database/BaseBuilder.php(1616): CodeIgniter\Database\BaseConnection->query('SELECT *\nFROM `...', Array, false)
#3 /Users/rohitshakya/Desktop/My Projects/auction/vendor/codeigniter4/framework/system/Model.php(242): CodeIgniter\Database\BaseBuilder->get()
#4 /Users/rohitshakya/Desktop/My Projects/auction/vendor/codeigniter4/framework/system/BaseModel.php(638): CodeIgniter\Model->doFindAll(0, 0)
#5 /Users/rohitshakya/Desktop/My Projects/auction/app/Models/ContractModel.php(16): CodeIgniter\BaseModel->findAll()
#6 /Users/rohitshakya/Desktop/My Projects/auction/app/Controllers/ContractController.php(19): App\Models\ContractModel->getAllContracts()
#7 /Users/rohitshakya/Desktop/My Projects/auction/vendor/codeigniter4/framework/system/CodeIgniter.php(941): App\Controllers\ContractController->getContracts()
#8 /Users/rohitshakya/Desktop/My Projects/auction/vendor/codeigniter4/framework/system/CodeIgniter.php(502): CodeIgniter\CodeIgniter->runController(Object(App\Controllers\ContractController))
#9 /Users/rohitshakya/Desktop/My Projects/auction/vendor/codeigniter4/framework/system/CodeIgniter.php(361): CodeIgniter\CodeIgniter->handleRequest(NULL, Object(Config\Cache), false)
#10 /Users/rohitshakya/Desktop/My Projects/auction/public/index.php(79): CodeIgniter\CodeIgniter->run()
#11 /Users/rohitshakya/Desktop/My Projects/auction/vendor/codeigniter4/framework/system/Commands/Server/rewrite.php(47): require_once('/Users/rohitsha...')
#12 {main}
CRITICAL - 2024-02-20 12:00:31 --> CodeIgniter\Database\Exceptions\DatabaseException: Unable to connect to the database.
Main connection [MySQLi]: No such file or directory
in SYSTEMPATH/Database/BaseConnection.php on line 428.
 1 SYSTEMPATH/Database/BaseConnection.php(575): CodeIgniter\Database\BaseConnection->initialize()
 2 SYSTEMPATH/Database/BaseBuilder.php(1616): CodeIgniter\Database\BaseConnection->query('SELECT *
FROM `contracts`', [], false)
 3 SYSTEMPATH/Model.php(242): CodeIgniter\Database\BaseBuilder->get()
 4 SYSTEMPATH/BaseModel.php(638): CodeIgniter\Model->doFindAll(0, 0)
 5 APPPATH/Models/ContractModel.php(16): CodeIgniter\BaseModel->findAll()
 6 APPPATH/Controllers/ContractController.php(19): App\Models\ContractModel->getAllContracts()
 7 SYSTEMPATH/CodeIgniter.php(941): App\Controllers\ContractController->getContracts()
 8 SYSTEMPATH/CodeIgniter.php(502): CodeIgniter\CodeIgniter->runController(Object(App\Controllers\ContractController))
 9 SYSTEMPATH/CodeIgniter.php(361): CodeIgniter\CodeIgniter->handleRequest(null, Object(Config\Cache), false)
10 FCPATH/index.php(79): CodeIgniter\CodeIgniter->run()
11 SYSTEMPATH/Commands/Server/rewrite.php(47): require_once('/Users/rohitshakya/Desktop/My Projects/auction/public/index.php')
ERROR - 2024-02-20 12:00:41 --> Error connecting to the database: mysqli_sql_exception: No such file or directory in /Users/rohitshakya/Desktop/My Projects/auction/vendor/codeigniter4/framework/system/Database/MySQLi/Connection.php:184
Stack trace:
#0 /Users/rohitshakya/Desktop/My Projects/auction/vendor/codeigniter4/framework/system/Database/MySQLi/Connection.php(184): mysqli->real_connect('localhost', '', Object(SensitiveParameterValue), '', 3306, '', 0)
#1 /Users/rohitshakya/Desktop/My Projects/auction/vendor/codeigniter4/framework/system/Database/BaseConnection.php(392): CodeIgniter\Database\MySQLi\Connection->connect(false)
#2 /Users/rohitshakya/Desktop/My Projects/auction/vendor/codeigniter4/framework/system/Database/BaseConnection.php(575): CodeIgniter\Database\BaseConnection->initialize()
#3 /Users/rohitshakya/Desktop/My Projects/auction/vendor/codeigniter4/framework/system/Database/BaseBuilder.php(1616): CodeIgniter\Database\BaseConnection->query('SELECT *\nFROM `...', Array, false)
#4 /Users/rohitshakya/Desktop/My Projects/auction/vendor/codeigniter4/framework/system/Model.php(242): CodeIgniter\Database\BaseBuilder->get()
#5 /Users/rohitshakya/Desktop/My Projects/auction/vendor/codeigniter4/framework/system/BaseModel.php(638): CodeIgniter\Model->doFindAll(0, 0)
#6 /Users/rohitshakya/Desktop/My Projects/auction/app/Models/ContractModel.php(16): CodeIgniter\BaseModel->findAll()
#7 /Users/rohitshakya/Desktop/My Projects/auction/app/Controllers/ContractController.php(19): App\Models\ContractModel->getAllContracts()
#8 /Users/rohitshakya/Desktop/My Projects/auction/vendor/codeigniter4/framework/system/CodeIgniter.php(941): App\Controllers\ContractController->getContracts()
#9 /Users/rohitshakya/Desktop/My Projects/auction/vendor/codeigniter4/framework/system/CodeIgniter.php(502): CodeIgniter\CodeIgniter->runController(Object(App\Controllers\ContractController))
#10 /Users/rohitshakya/Desktop/My Projects/auction/vendor/codeigniter4/framework/system/CodeIgniter.php(361): CodeIgniter\CodeIgniter->handleRequest(NULL, Object(Config\Cache), false)
#11 /Users/rohitshakya/Desktop/My Projects/auction/public/index.php(79): CodeIgniter\CodeIgniter->run()
#12 /Users/rohitshakya/Desktop/My Projects/auction/vendor/codeigniter4/framework/system/Commands/Server/rewrite.php(47): require_once('/Users/rohitsha...')
#13 {main}

Next CodeIgniter\Database\Exceptions\DatabaseException: No such file or directory in /Users/rohitshakya/Desktop/My Projects/auction/vendor/codeigniter4/framework/system/Database/MySQLi/Connection.php:229
Stack trace:
#0 /Users/rohitshakya/Desktop/My Projects/auction/vendor/codeigniter4/framework/system/Database/BaseConnection.php(392): CodeIgniter\Database\MySQLi\Connection->connect(false)
#1 /Users/rohitshakya/Desktop/My Projects/auction/vendor/codeigniter4/framework/system/Database/BaseConnection.php(575): CodeIgniter\Database\BaseConnection->initialize()
#2 /Users/rohitshakya/Desktop/My Projects/auction/vendor/codeigniter4/framework/system/Database/BaseBuilder.php(1616): CodeIgniter\Database\BaseConnection->query('SELECT *\nFROM `...', Array, false)
#3 /Users/rohitshakya/Desktop/My Projects/auction/vendor/codeigniter4/framework/system/Model.php(242): CodeIgniter\Database\BaseBuilder->get()
#4 /Users/rohitshakya/Desktop/My Projects/auction/vendor/codeigniter4/framework/system/BaseModel.php(638): CodeIgniter\Model->doFindAll(0, 0)
#5 /Users/rohitshakya/Desktop/My Projects/auction/app/Models/ContractModel.php(16): CodeIgniter\BaseModel->findAll()
#6 /Users/rohitshakya/Desktop/My Projects/auction/app/Controllers/ContractController.php(19): App\Models\ContractModel->getAllContracts()
#7 /Users/rohitshakya/Desktop/My Projects/auction/vendor/codeigniter4/framework/system/CodeIgniter.php(941): App\Controllers\ContractController->getContracts()
#8 /Users/rohitshakya/Desktop/My Projects/auction/vendor/codeigniter4/framework/system/CodeIgniter.php(502): CodeIgniter\CodeIgniter->runController(Object(App\Controllers\ContractController))
#9 /Users/rohitshakya/Desktop/My Projects/auction/vendor/codeigniter4/framework/system/CodeIgniter.php(361): CodeIgniter\CodeIgniter->handleRequest(NULL, Object(Config\Cache), false)
#10 /Users/rohitshakya/Desktop/My Projects/auction/public/index.php(79): CodeIgniter\CodeIgniter->run()
#11 /Users/rohitshakya/Desktop/My Projects/auction/vendor/codeigniter4/framework/system/Commands/Server/rewrite.php(47): require_once('/Users/rohitsha...')
#12 {main}
CRITICAL - 2024-02-20 12:00:41 --> CodeIgniter\Database\Exceptions\DatabaseException: Unable to connect to the database.
Main connection [MySQLi]: No such file or directory
in SYSTEMPATH/Database/BaseConnection.php on line 428.
 1 SYSTEMPATH/Database/BaseConnection.php(575): CodeIgniter\Database\BaseConnection->initialize()
 2 SYSTEMPATH/Database/BaseBuilder.php(1616): CodeIgniter\Database\BaseConnection->query('SELECT *
FROM `contracts`', [], false)
 3 SYSTEMPATH/Model.php(242): CodeIgniter\Database\BaseBuilder->get()
 4 SYSTEMPATH/BaseModel.php(638): CodeIgniter\Model->doFindAll(0, 0)
 5 APPPATH/Models/ContractModel.php(16): CodeIgniter\BaseModel->findAll()
 6 APPPATH/Controllers/ContractController.php(19): App\Models\ContractModel->getAllContracts()
 7 SYSTEMPATH/CodeIgniter.php(941): App\Controllers\ContractController->getContracts()
 8 SYSTEMPATH/CodeIgniter.php(502): CodeIgniter\CodeIgniter->runController(Object(App\Controllers\ContractController))
 9 SYSTEMPATH/CodeIgniter.php(361): CodeIgniter\CodeIgniter->handleRequest(null, Object(Config\Cache), false)
10 FCPATH/index.php(79): CodeIgniter\CodeIgniter->run()
11 SYSTEMPATH/Commands/Server/rewrite.php(47): require_once('/Users/rohitshakya/Desktop/My Projects/auction/public/index.php')
ERROR - 2024-02-20 12:00:50 --> Error connecting to the database: mysqli_sql_exception: No such file or directory in /Users/rohitshakya/Desktop/My Projects/auction/vendor/codeigniter4/framework/system/Database/MySQLi/Connection.php:184
Stack trace:
#0 /Users/rohitshakya/Desktop/My Projects/auction/vendor/codeigniter4/framework/system/Database/MySQLi/Connection.php(184): mysqli->real_connect('localhost', '', Object(SensitiveParameterValue), '', 3306, '', 0)
#1 /Users/rohitshakya/Desktop/My Projects/auction/vendor/codeigniter4/framework/system/Database/BaseConnection.php(392): CodeIgniter\Database\MySQLi\Connection->connect(false)
#2 /Users/rohitshakya/Desktop/My Projects/auction/vendor/codeigniter4/framework/system/Database/BaseConnection.php(575): CodeIgniter\Database\BaseConnection->initialize()
#3 /Users/rohitshakya/Desktop/My Projects/auction/vendor/codeigniter4/framework/system/Database/BaseBuilder.php(1616): CodeIgniter\Database\BaseConnection->query('SELECT *\nFROM `...', Array, false)
#4 /Users/rohitshakya/Desktop/My Projects/auction/vendor/codeigniter4/framework/system/Model.php(242): CodeIgniter\Database\BaseBuilder->get()
#5 /Users/rohitshakya/Desktop/My Projects/auction/vendor/codeigniter4/framework/system/BaseModel.php(638): CodeIgniter\Model->doFindAll(0, 0)
#6 /Users/rohitshakya/Desktop/My Projects/auction/app/Models/ContractModel.php(16): CodeIgniter\BaseModel->findAll()
#7 /Users/rohitshakya/Desktop/My Projects/auction/app/Controllers/ContractController.php(19): App\Models\ContractModel->getAllContracts()
#8 /Users/rohitshakya/Desktop/My Projects/auction/vendor/codeigniter4/framework/system/CodeIgniter.php(941): App\Controllers\ContractController->getContracts()
#9 /Users/rohitshakya/Desktop/My Projects/auction/vendor/codeigniter4/framework/system/CodeIgniter.php(502): CodeIgniter\CodeIgniter->runController(Object(App\Controllers\ContractController))
#10 /Users/rohitshakya/Desktop/My Projects/auction/vendor/codeigniter4/framework/system/CodeIgniter.php(361): CodeIgniter\CodeIgniter->handleRequest(NULL, Object(Config\Cache), false)
#11 /Users/rohitshakya/Desktop/My Projects/auction/public/index.php(79): CodeIgniter\CodeIgniter->run()
#12 /Users/rohitshakya/Desktop/My Projects/auction/vendor/codeigniter4/framework/system/Commands/Server/rewrite.php(47): require_once('/Users/rohitsha...')
#13 {main}

Next CodeIgniter\Database\Exceptions\DatabaseException: No such file or directory in /Users/rohitshakya/Desktop/My Projects/auction/vendor/codeigniter4/framework/system/Database/MySQLi/Connection.php:229
Stack trace:
#0 /Users/rohitshakya/Desktop/My Projects/auction/vendor/codeigniter4/framework/system/Database/BaseConnection.php(392): CodeIgniter\Database\MySQLi\Connection->connect(false)
#1 /Users/rohitshakya/Desktop/My Projects/auction/vendor/codeigniter4/framework/system/Database/BaseConnection.php(575): CodeIgniter\Database\BaseConnection->initialize()
#2 /Users/rohitshakya/Desktop/My Projects/auction/vendor/codeigniter4/framework/system/Database/BaseBuilder.php(1616): CodeIgniter\Database\BaseConnection->query('SELECT *\nFROM `...', Array, false)
#3 /Users/rohitshakya/Desktop/My Projects/auction/vendor/codeigniter4/framework/system/Model.php(242): CodeIgniter\Database\BaseBuilder->get()
#4 /Users/rohitshakya/Desktop/My Projects/auction/vendor/codeigniter4/framework/system/BaseModel.php(638): CodeIgniter\Model->doFindAll(0, 0)
#5 /Users/rohitshakya/Desktop/My Projects/auction/app/Models/ContractModel.php(16): CodeIgniter\BaseModel->findAll()
#6 /Users/rohitshakya/Desktop/My Projects/auction/app/Controllers/ContractController.php(19): App\Models\ContractModel->getAllContracts()
#7 /Users/rohitshakya/Desktop/My Projects/auction/vendor/codeigniter4/framework/system/CodeIgniter.php(941): App\Controllers\ContractController->getContracts()
#8 /Users/rohitshakya/Desktop/My Projects/auction/vendor/codeigniter4/framework/system/CodeIgniter.php(502): CodeIgniter\CodeIgniter->runController(Object(App\Controllers\ContractController))
#9 /Users/rohitshakya/Desktop/My Projects/auction/vendor/codeigniter4/framework/system/CodeIgniter.php(361): CodeIgniter\CodeIgniter->handleRequest(NULL, Object(Config\Cache), false)
#10 /Users/rohitshakya/Desktop/My Projects/auction/public/index.php(79): CodeIgniter\CodeIgniter->run()
#11 /Users/rohitshakya/Desktop/My Projects/auction/vendor/codeigniter4/framework/system/Commands/Server/rewrite.php(47): require_once('/Users/rohitsha...')
#12 {main}
CRITICAL - 2024-02-20 12:00:50 --> CodeIgniter\Database\Exceptions\DatabaseException: Unable to connect to the database.
Main connection [MySQLi]: No such file or directory
in SYSTEMPATH/Database/BaseConnection.php on line 428.
 1 SYSTEMPATH/Database/BaseConnection.php(575): CodeIgniter\Database\BaseConnection->initialize()
 2 SYSTEMPATH/Database/BaseBuilder.php(1616): CodeIgniter\Database\BaseConnection->query('SELECT *
FROM `contracts`', [], false)
 3 SYSTEMPATH/Model.php(242): CodeIgniter\Database\BaseBuilder->get()
 4 SYSTEMPATH/BaseModel.php(638): CodeIgniter\Model->doFindAll(0, 0)
 5 APPPATH/Models/ContractModel.php(16): CodeIgniter\BaseModel->findAll()
 6 APPPATH/Controllers/ContractController.php(19): App\Models\ContractModel->getAllContracts()
 7 SYSTEMPATH/CodeIgniter.php(941): App\Controllers\ContractController->getContracts()
 8 SYSTEMPATH/CodeIgniter.php(502): CodeIgniter\CodeIgniter->runController(Object(App\Controllers\ContractController))
 9 SYSTEMPATH/CodeIgniter.php(361): CodeIgniter\CodeIgniter->handleRequest(null, Object(Config\Cache), false)
10 FCPATH/index.php(79): CodeIgniter\CodeIgniter->run()
11 SYSTEMPATH/Commands/Server/rewrite.php(47): require_once('/Users/rohitshakya/Desktop/My Projects/auction/public/index.php')
CRITICAL - 2024-02-20 12:10:16 --> ErrorException: Undefined variable $data
in APPPATH/Views/bid.php on line 95.
 1 APPPATH/Views/bid.php(95): CodeIgniter\Debug\Exceptions->errorHandler(2, 'Undefined variable $data', '/Users/rohitshakya/Desktop/My Projects/auction/app/Views/bid.php', 95)
 2 SYSTEMPATH/View/View.php(228): include('/Users/rohitshakya/Desktop/My Projects/auction/app/Views/bid.php')
 3 SYSTEMPATH/View/View.php(231): CodeIgniter\View\View->CodeIgniter\View\{closure}()
 4 SYSTEMPATH/Common.php(1178): CodeIgniter\View\View->render('bid', [], true)
 5 APPPATH/Controllers/ContractController.php(20): view('bid', [...])
 6 SYSTEMPATH/CodeIgniter.php(941): App\Controllers\ContractController->getContracts()
 7 SYSTEMPATH/CodeIgniter.php(502): CodeIgniter\CodeIgniter->runController(Object(App\Controllers\ContractController))
 8 SYSTEMPATH/CodeIgniter.php(361): CodeIgniter\CodeIgniter->handleRequest(null, Object(Config\Cache), false)
 9 FCPATH/index.php(79): CodeIgniter\CodeIgniter->run()
10 SYSTEMPATH/Commands/Server/rewrite.php(47): require_once('/Users/rohitshakya/Desktop/My Projects/auction/public/index.php')
CRITICAL - 2024-02-20 12:18:26 --> ErrorException: Undefined variable $data
in APPPATH/Views/bid.php on line 3.
 1 APPPATH/Views/bid.php(3): CodeIgniter\Debug\Exceptions->errorHandler(2, 'Undefined variable $data', '/Users/rohitshakya/Desktop/My Projects/auction/app/Views/bid.php', 3)
 2 SYSTEMPATH/View/View.php(228): include('/Users/rohitshakya/Desktop/My Projects/auction/app/Views/bid.php')
 3 SYSTEMPATH/View/View.php(231): CodeIgniter\View\View->CodeIgniter\View\{closure}()
 4 SYSTEMPATH/Common.php(1178): CodeIgniter\View\View->render('bid', [], true)
 5 APPPATH/Controllers/Home.php(13): view('bid')
 6 SYSTEMPATH/CodeIgniter.php(941): App\Controllers\Home->bid()
 7 SYSTEMPATH/CodeIgniter.php(502): CodeIgniter\CodeIgniter->runController(Object(App\Controllers\Home))
 8 SYSTEMPATH/CodeIgniter.php(361): CodeIgniter\CodeIgniter->handleRequest(null, Object(Config\Cache), false)
 9 FCPATH/index.php(79): CodeIgniter\CodeIgniter->run()
10 SYSTEMPATH/Commands/Server/rewrite.php(47): require_once('/Users/rohitshakya/Desktop/My Projects/auction/public/index.php')
CRITICAL - 2024-02-20 12:19:00 --> ErrorException: Undefined variable $data
in APPPATH/Views/bid.php on line 3.
 1 APPPATH/Views/bid.php(3): CodeIgniter\Debug\Exceptions->errorHandler(2, 'Undefined variable $data', '/Users/rohitshakya/Desktop/My Projects/auction/app/Views/bid.php', 3)
 2 SYSTEMPATH/View/View.php(228): include('/Users/rohitshakya/Desktop/My Projects/auction/app/Views/bid.php')
 3 SYSTEMPATH/View/View.php(231): CodeIgniter\View\View->CodeIgniter\View\{closure}()
 4 SYSTEMPATH/Common.php(1178): CodeIgniter\View\View->render('bid', [], true)
 5 APPPATH/Controllers/Home.php(13): view('bid')
 6 SYSTEMPATH/CodeIgniter.php(941): App\Controllers\Home->bid()
 7 SYSTEMPATH/CodeIgniter.php(502): CodeIgniter\CodeIgniter->runController(Object(App\Controllers\Home))
 8 SYSTEMPATH/CodeIgniter.php(361): CodeIgniter\CodeIgniter->handleRequest(null, Object(Config\Cache), false)
 9 FCPATH/index.php(79): CodeIgniter\CodeIgniter->run()
10 SYSTEMPATH/Commands/Server/rewrite.php(47): require_once('/Users/rohitshakya/Desktop/My Projects/auction/public/index.php')
CRITICAL - 2024-02-20 12:19:01 --> ErrorException: Undefined variable $data
in APPPATH/Views/bid.php on line 3.
 1 APPPATH/Views/bid.php(3): CodeIgniter\Debug\Exceptions->errorHandler(2, 'Undefined variable $data', '/Users/rohitshakya/Desktop/My Projects/auction/app/Views/bid.php', 3)
 2 SYSTEMPATH/View/View.php(228): include('/Users/rohitshakya/Desktop/My Projects/auction/app/Views/bid.php')
 3 SYSTEMPATH/View/View.php(231): CodeIgniter\View\View->CodeIgniter\View\{closure}()
 4 SYSTEMPATH/Common.php(1178): CodeIgniter\View\View->render('bid', [], true)
 5 APPPATH/Controllers/Home.php(13): view('bid')
 6 SYSTEMPATH/CodeIgniter.php(941): App\Controllers\Home->bid()
 7 SYSTEMPATH/CodeIgniter.php(502): CodeIgniter\CodeIgniter->runController(Object(App\Controllers\Home))
 8 SYSTEMPATH/CodeIgniter.php(361): CodeIgniter\CodeIgniter->handleRequest(null, Object(Config\Cache), false)
 9 FCPATH/index.php(79): CodeIgniter\CodeIgniter->run()
10 SYSTEMPATH/Commands/Server/rewrite.php(47): require_once('/Users/rohitshakya/Desktop/My Projects/auction/public/index.php')
CRITICAL - 2024-02-20 12:19:01 --> ErrorException: Undefined variable $data
in APPPATH/Views/bid.php on line 3.
 1 APPPATH/Views/bid.php(3): CodeIgniter\Debug\Exceptions->errorHandler(2, 'Undefined variable $data', '/Users/rohitshakya/Desktop/My Projects/auction/app/Views/bid.php', 3)
 2 SYSTEMPATH/View/View.php(228): include('/Users/rohitshakya/Desktop/My Projects/auction/app/Views/bid.php')
 3 SYSTEMPATH/View/View.php(231): CodeIgniter\View\View->CodeIgniter\View\{closure}()
 4 SYSTEMPATH/Common.php(1178): CodeIgniter\View\View->render('bid', [], true)
 5 APPPATH/Controllers/Home.php(13): view('bid')
 6 SYSTEMPATH/CodeIgniter.php(941): App\Controllers\Home->bid()
 7 SYSTEMPATH/CodeIgniter.php(502): CodeIgniter\CodeIgniter->runController(Object(App\Controllers\Home))
 8 SYSTEMPATH/CodeIgniter.php(361): CodeIgniter\CodeIgniter->handleRequest(null, Object(Config\Cache), false)
 9 FCPATH/index.php(79): CodeIgniter\CodeIgniter->run()
10 SYSTEMPATH/Commands/Server/rewrite.php(47): require_once('/Users/rohitshakya/Desktop/My Projects/auction/public/index.php')
CRITICAL - 2024-02-20 12:19:34 --> ErrorException: Undefined variable $data
in APPPATH/Views/bid.php on line 3.
 1 APPPATH/Views/bid.php(3): CodeIgniter\Debug\Exceptions->errorHandler(2, 'Undefined variable $data', '/Users/rohitshakya/Desktop/My Projects/auction/app/Views/bid.php', 3)
 2 SYSTEMPATH/View/View.php(228): include('/Users/rohitshakya/Desktop/My Projects/auction/app/Views/bid.php')
 3 SYSTEMPATH/View/View.php(231): CodeIgniter\View\View->CodeIgniter\View\{closure}()
 4 SYSTEMPATH/Common.php(1178): CodeIgniter\View\View->render('bid', [], true)
 5 APPPATH/Controllers/Home.php(13): view('bid')
 6 SYSTEMPATH/CodeIgniter.php(941): App\Controllers\Home->bid()
 7 SYSTEMPATH/CodeIgniter.php(502): CodeIgniter\CodeIgniter->runController(Object(App\Controllers\Home))
 8 SYSTEMPATH/CodeIgniter.php(361): CodeIgniter\CodeIgniter->handleRequest(null, Object(Config\Cache), false)
 9 FCPATH/index.php(79): CodeIgniter\CodeIgniter->run()
10 SYSTEMPATH/Commands/Server/rewrite.php(47): require_once('/Users/rohitshakya/Desktop/My Projects/auction/public/index.php')
CRITICAL - 2024-02-20 12:20:01 --> ErrorException: Undefined variable $data
in APPPATH/Views/bid.php on line 3.
 1 APPPATH/Views/bid.php(3): CodeIgniter\Debug\Exceptions->errorHandler(2, 'Undefined variable $data', '/Users/rohitshakya/Desktop/My Projects/auction/app/Views/bid.php', 3)
 2 SYSTEMPATH/View/View.php(228): include('/Users/rohitshakya/Desktop/My Projects/auction/app/Views/bid.php')
 3 SYSTEMPATH/View/View.php(231): CodeIgniter\View\View->CodeIgniter\View\{closure}()
 4 SYSTEMPATH/Common.php(1178): CodeIgniter\View\View->render('bid', [], true)
 5 APPPATH/Controllers/Home.php(13): view('bid')
 6 SYSTEMPATH/CodeIgniter.php(941): App\Controllers\Home->bid()
 7 SYSTEMPATH/CodeIgniter.php(502): CodeIgniter\CodeIgniter->runController(Object(App\Controllers\Home))
 8 SYSTEMPATH/CodeIgniter.php(361): CodeIgniter\CodeIgniter->handleRequest(null, Object(Config\Cache), false)
 9 FCPATH/index.php(79): CodeIgniter\CodeIgniter->run()
10 SYSTEMPATH/Commands/Server/rewrite.php(47): require_once('/Users/rohitshakya/Desktop/My Projects/auction/public/index.php')
CRITICAL - 2024-02-20 12:20:01 --> ErrorException: Undefined variable $data
in APPPATH/Views/bid.php on line 3.
 1 APPPATH/Views/bid.php(3): CodeIgniter\Debug\Exceptions->errorHandler(2, 'Undefined variable $data', '/Users/rohitshakya/Desktop/My Projects/auction/app/Views/bid.php', 3)
 2 SYSTEMPATH/View/View.php(228): include('/Users/rohitshakya/Desktop/My Projects/auction/app/Views/bid.php')
 3 SYSTEMPATH/View/View.php(231): CodeIgniter\View\View->CodeIgniter\View\{closure}()
 4 SYSTEMPATH/Common.php(1178): CodeIgniter\View\View->render('bid', [], true)
 5 APPPATH/Controllers/Home.php(13): view('bid')
 6 SYSTEMPATH/CodeIgniter.php(941): App\Controllers\Home->bid()
 7 SYSTEMPATH/CodeIgniter.php(502): CodeIgniter\CodeIgniter->runController(Object(App\Controllers\Home))
 8 SYSTEMPATH/CodeIgniter.php(361): CodeIgniter\CodeIgniter->handleRequest(null, Object(Config\Cache), false)
 9 FCPATH/index.php(79): CodeIgniter\CodeIgniter->run()
10 SYSTEMPATH/Commands/Server/rewrite.php(47): require_once('/Users/rohitshakya/Desktop/My Projects/auction/public/index.php')
CRITICAL - 2024-02-20 12:20:01 --> ErrorException: Undefined variable $data
in APPPATH/Views/bid.php on line 3.
 1 APPPATH/Views/bid.php(3): CodeIgniter\Debug\Exceptions->errorHandler(2, 'Undefined variable $data', '/Users/rohitshakya/Desktop/My Projects/auction/app/Views/bid.php', 3)
 2 SYSTEMPATH/View/View.php(228): include('/Users/rohitshakya/Desktop/My Projects/auction/app/Views/bid.php')
 3 SYSTEMPATH/View/View.php(231): CodeIgniter\View\View->CodeIgniter\View\{closure}()
 4 SYSTEMPATH/Common.php(1178): CodeIgniter\View\View->render('bid', [], true)
 5 APPPATH/Controllers/Home.php(13): view('bid')
 6 SYSTEMPATH/CodeIgniter.php(941): App\Controllers\Home->bid()
 7 SYSTEMPATH/CodeIgniter.php(502): CodeIgniter\CodeIgniter->runController(Object(App\Controllers\Home))
 8 SYSTEMPATH/CodeIgniter.php(361): CodeIgniter\CodeIgniter->handleRequest(null, Object(Config\Cache), false)
 9 FCPATH/index.php(79): CodeIgniter\CodeIgniter->run()
10 SYSTEMPATH/Commands/Server/rewrite.php(47): require_once('/Users/rohitshakya/Desktop/My Projects/auction/public/index.php')
CRITICAL - 2024-02-20 12:20:31 --> ErrorException: Undefined variable $data
in APPPATH/Views/bid.php on line 3.
 1 APPPATH/Views/bid.php(3): CodeIgniter\Debug\Exceptions->errorHandler(2, 'Undefined variable $data', '/Users/rohitshakya/Desktop/My Projects/auction/app/Views/bid.php', 3)
 2 SYSTEMPATH/View/View.php(228): include('/Users/rohitshakya/Desktop/My Projects/auction/app/Views/bid.php')
 3 SYSTEMPATH/View/View.php(231): CodeIgniter\View\View->CodeIgniter\View\{closure}()
 4 SYSTEMPATH/Common.php(1178): CodeIgniter\View\View->render('bid', [], true)
 5 APPPATH/Controllers/Home.php(13): view('bid')
 6 SYSTEMPATH/CodeIgniter.php(941): App\Controllers\Home->bid()
 7 SYSTEMPATH/CodeIgniter.php(502): CodeIgniter\CodeIgniter->runController(Object(App\Controllers\Home))
 8 SYSTEMPATH/CodeIgniter.php(361): CodeIgniter\CodeIgniter->handleRequest(null, Object(Config\Cache), false)
 9 FCPATH/index.php(79): CodeIgniter\CodeIgniter->run()
10 SYSTEMPATH/Commands/Server/rewrite.php(47): require_once('/Users/rohitshakya/Desktop/My Projects/auction/public/index.php')
CRITICAL - 2024-02-20 12:20:31 --> ErrorException: Undefined variable $data
in APPPATH/Views/bid.php on line 3.
 1 APPPATH/Views/bid.php(3): CodeIgniter\Debug\Exceptions->errorHandler(2, 'Undefined variable $data', '/Users/rohitshakya/Desktop/My Projects/auction/app/Views/bid.php', 3)
 2 SYSTEMPATH/View/View.php(228): include('/Users/rohitshakya/Desktop/My Projects/auction/app/Views/bid.php')
 3 SYSTEMPATH/View/View.php(231): CodeIgniter\View\View->CodeIgniter\View\{closure}()
 4 SYSTEMPATH/Common.php(1178): CodeIgniter\View\View->render('bid', [], true)
 5 APPPATH/Controllers/Home.php(13): view('bid')
 6 SYSTEMPATH/CodeIgniter.php(941): App\Controllers\Home->bid()
 7 SYSTEMPATH/CodeIgniter.php(502): CodeIgniter\CodeIgniter->runController(Object(App\Controllers\Home))
 8 SYSTEMPATH/CodeIgniter.php(361): CodeIgniter\CodeIgniter->handleRequest(null, Object(Config\Cache), false)
 9 FCPATH/index.php(79): CodeIgniter\CodeIgniter->run()
10 SYSTEMPATH/Commands/Server/rewrite.php(47): require_once('/Users/rohitshakya/Desktop/My Projects/auction/public/index.php')
CRITICAL - 2024-02-20 12:21:07 --> ErrorException: Undefined array key "data"
in APPPATH/Controllers/ContractController.php on line 20.
 1 APPPATH/Controllers/ContractController.php(20): CodeIgniter\Debug\Exceptions->errorHandler(2, 'Undefined array key "data"', '/Users/rohitshakya/Desktop/My Projects/auction/app/Controllers/ContractController.php', 20)
 2 SYSTEMPATH/CodeIgniter.php(941): App\Controllers\ContractController->getContracts()
 3 SYSTEMPATH/CodeIgniter.php(502): CodeIgniter\CodeIgniter->runController(Object(App\Controllers\ContractController))
 4 SYSTEMPATH/CodeIgniter.php(361): CodeIgniter\CodeIgniter->handleRequest(null, Object(Config\Cache), false)
 5 FCPATH/index.php(79): CodeIgniter\CodeIgniter->run()
 6 SYSTEMPATH/Commands/Server/rewrite.php(47): require_once('/Users/rohitshakya/Desktop/My Projects/auction/public/index.php')
CRITICAL - 2024-02-20 17:48:56 --> ErrorException: Undefined variable $currentPage
in APPPATH/Views/bid.php on line 112.
 1 APPPATH/Views/bid.php(112): CodeIgniter\Debug\Exceptions->errorHandler(2, 'Undefined variable $currentPage', '/Users/rohitshakya/Desktop/My Projects/auction/app/Views/bid.php', 112)
 2 SYSTEMPATH/View/View.php(228): include('/Users/rohitshakya/Desktop/My Projects/auction/app/Views/bid.php')
 3 SYSTEMPATH/View/View.php(231): CodeIgniter\View\View->CodeIgniter\View\{closure}()
 4 SYSTEMPATH/Common.php(1178): CodeIgniter\View\View->render('bid', [], true)
 5 APPPATH/Controllers/ContractController.php(24): view('bid', [...])
 6 SYSTEMPATH/CodeIgniter.php(941): App\Controllers\ContractController->getContracts()
 7 SYSTEMPATH/CodeIgniter.php(502): CodeIgniter\CodeIgniter->runController(Object(App\Controllers\ContractController))
 8 SYSTEMPATH/CodeIgniter.php(361): CodeIgniter\CodeIgniter->handleRequest(null, Object(Config\Cache), false)
 9 FCPATH/index.php(79): CodeIgniter\CodeIgniter->run()
10 SYSTEMPATH/Commands/Server/rewrite.php(47): require_once('/Users/rohitshakya/Desktop/My Projects/auction/public/index.php')
CRITICAL - 2024-02-20 17:48:58 --> ErrorException: Undefined variable $currentPage
in APPPATH/Views/bid.php on line 112.
 1 APPPATH/Views/bid.php(112): CodeIgniter\Debug\Exceptions->errorHandler(2, 'Undefined variable $currentPage', '/Users/rohitshakya/Desktop/My Projects/auction/app/Views/bid.php', 112)
 2 SYSTEMPATH/View/View.php(228): include('/Users/rohitshakya/Desktop/My Projects/auction/app/Views/bid.php')
 3 SYSTEMPATH/View/View.php(231): CodeIgniter\View\View->CodeIgniter\View\{closure}()
 4 SYSTEMPATH/Common.php(1178): CodeIgniter\View\View->render('bid', [], true)
 5 APPPATH/Controllers/ContractController.php(24): view('bid', [...])
 6 SYSTEMPATH/CodeIgniter.php(941): App\Controllers\ContractController->getContracts()
 7 SYSTEMPATH/CodeIgniter.php(502): CodeIgniter\CodeIgniter->runController(Object(App\Controllers\ContractController))
 8 SYSTEMPATH/CodeIgniter.php(361): CodeIgniter\CodeIgniter->handleRequest(null, Object(Config\Cache), false)
 9 FCPATH/index.php(79): CodeIgniter\CodeIgniter->run()
10 SYSTEMPATH/Commands/Server/rewrite.php(47): require_once('/Users/rohitshakya/Desktop/My Projects/auction/public/index.php')
CRITICAL - 2024-02-20 17:58:16 --> ArgumentCountError: Too few arguments to function App\Controllers\ContractController::showSingleContract(), 0 passed in /Users/rohitshakya/Desktop/My Projects/auction/vendor/codeigniter4/framework/system/CodeIgniter.php on line 941 and exactly 1 expected
in APPPATH/Controllers/ContractController.php on line 29.
 1 SYSTEMPATH/CodeIgniter.php(941): App\Controllers\ContractController->showSingleContract()
 2 SYSTEMPATH/CodeIgniter.php(502): CodeIgniter\CodeIgniter->runController(Object(App\Controllers\ContractController))
 3 SYSTEMPATH/CodeIgniter.php(361): CodeIgniter\CodeIgniter->handleRequest(null, Object(Config\Cache), false)
 4 FCPATH/index.php(79): CodeIgniter\CodeIgniter->run()
 5 SYSTEMPATH/Commands/Server/rewrite.php(47): require_once('/Users/rohitshakya/Desktop/My Projects/auction/public/index.php')
CRITICAL - 2024-02-20 17:59:13 --> ArgumentCountError: Too few arguments to function App\Controllers\ContractController::showSingleContract(), 0 passed in /Users/rohitshakya/Desktop/My Projects/auction/vendor/codeigniter4/framework/system/CodeIgniter.php on line 941 and exactly 1 expected
in APPPATH/Controllers/ContractController.php on line 29.
 1 SYSTEMPATH/CodeIgniter.php(941): App\Controllers\ContractController->showSingleContract()
 2 SYSTEMPATH/CodeIgniter.php(502): CodeIgniter\CodeIgniter->runController(Object(App\Controllers\ContractController))
 3 SYSTEMPATH/CodeIgniter.php(361): CodeIgniter\CodeIgniter->handleRequest(null, Object(Config\Cache), false)
 4 FCPATH/index.php(79): CodeIgniter\CodeIgniter->run()
 5 SYSTEMPATH/Commands/Server/rewrite.php(47): require_once('/Users/rohitshakya/Desktop/My Projects/auction/public/index.php')
CRITICAL - 2024-02-20 19:36:53 --> ErrorException: Undefined variable $bids
in APPPATH/Views/item_view.php on line 99.
 1 APPPATH/Views/item_view.php(99): CodeIgniter\Debug\Exceptions->errorHandler(2, 'Undefined variable $bids', '/Users/rohitshakya/Desktop/My Projects/auction/app/Views/item_view.php', 99)
 2 SYSTEMPATH/View/View.php(228): include('/Users/rohitshakya/Desktop/My Projects/auction/app/Views/item_view.php')
 3 SYSTEMPATH/View/View.php(231): CodeIgniter\View\View->CodeIgniter\View\{closure}()
 4 SYSTEMPATH/Common.php(1178): CodeIgniter\View\View->render('item_view', [], true)
 5 APPPATH/Controllers/ContractController.php(36): view('item_view', [...])
 6 SYSTEMPATH/CodeIgniter.php(941): App\Controllers\ContractController->showSingleContract()
 7 SYSTEMPATH/CodeIgniter.php(502): CodeIgniter\CodeIgniter->runController(Object(App\Controllers\ContractController))
 8 SYSTEMPATH/CodeIgniter.php(361): CodeIgniter\CodeIgniter->handleRequest(null, Object(Config\Cache), false)
 9 FCPATH/index.php(79): CodeIgniter\CodeIgniter->run()
10 SYSTEMPATH/Commands/Server/rewrite.php(47): require_once('/Users/rohitshakya/Desktop/My Projects/auction/public/index.php')
CRITICAL - 2024-02-20 19:42:10 --> ErrorException: Undefined variable $targetBidTime
in APPPATH/Views/item_view.php on line 118.
 1 APPPATH/Views/item_view.php(118): CodeIgniter\Debug\Exceptions->errorHandler(2, 'Undefined variable $targetBidTime', '/Users/rohitshakya/Desktop/My Projects/auction/app/Views/item_view.php', 118)
 2 SYSTEMPATH/View/View.php(228): include('/Users/rohitshakya/Desktop/My Projects/auction/app/Views/item_view.php')
 3 SYSTEMPATH/View/View.php(231): CodeIgniter\View\View->CodeIgniter\View\{closure}()
 4 SYSTEMPATH/Common.php(1178): CodeIgniter\View\View->render('item_view', [], true)
 5 APPPATH/Controllers/ContractController.php(36): view('item_view', [...])
 6 SYSTEMPATH/CodeIgniter.php(941): App\Controllers\ContractController->showSingleContract()
 7 SYSTEMPATH/CodeIgniter.php(502): CodeIgniter\CodeIgniter->runController(Object(App\Controllers\ContractController))
 8 SYSTEMPATH/CodeIgniter.php(361): CodeIgniter\CodeIgniter->handleRequest(null, Object(Config\Cache), false)
 9 FCPATH/index.php(79): CodeIgniter\CodeIgniter->run()
10 SYSTEMPATH/Commands/Server/rewrite.php(47): require_once('/Users/rohitshakya/Desktop/My Projects/auction/public/index.php')
