CRITICAL - 2024-02-21 09:52:23 --> ErrorException: Undefined variable $contract
in APPPATH/Views/item_view.php on line 2.
 1 APPPATH/Views/item_view.php(2): CodeIgniter\Debug\Exceptions->errorHandler(2, 'Undefined variable $contract', '/Users/rohitshakya/Desktop/My Projects/auction/app/Views/item_view.php', 2)
 2 SYSTEMPATH/View/View.php(228): include('/Users/rohitshakya/Desktop/My Projects/auction/app/Views/item_view.php')
 3 SYSTEMPATH/View/View.php(231): CodeIgniter\View\View->CodeIgniter\View\{closure}()
 4 SYSTEMPATH/Common.php(1178): CodeIgniter\View\View->render('item_view', [], true)
 5 APPPATH/Controllers/ContractController.php(36): view('item_view', [...])
 6 SYSTEMPATH/CodeIgniter.php(941): App\Controllers\ContractController->showSingleContract()
 7 SYSTEMPATH/CodeIgniter.php(502): CodeIgniter\CodeIgniter->runController(Object(App\Controllers\ContractController))
 8 SYSTEMPATH/CodeIgniter.php(361): CodeIgniter\CodeIgniter->handleRequest(null, Object(Config\Cache), false)
 9 FCPATH/index.php(79): CodeIgniter\CodeIgniter->run()
10 SYSTEMPATH/Commands/Server/rewrite.php(47): require_once('/Users/rohitshakya/Desktop/My Projects/auction/public/index.php')
CRITICAL - 2024-02-21 10:13:26 --> ErrorException: Allowed memory size of 134217728 bytes exhausted (tried to allocate 8192 bytes)
in APPPATH/Models/BidModel.php on line 18.
 1 [internal function]: CodeIgniter\Debug\Exceptions->shutdownHandler()
CRITICAL - 2024-02-21 10:14:08 --> ErrorException: Allowed memory size of 134217728 bytes exhausted (tried to allocate 8192 bytes)
in APPPATH/Models/BidModel.php on line 18.
 1 [internal function]: CodeIgniter\Debug\Exceptions->shutdownHandler()
CRITICAL - 2024-02-21 10:14:30 --> ErrorException: Allowed memory size of 134217728 bytes exhausted (tried to allocate 8192 bytes)
in APPPATH/Models/BidModel.php on line 18.
 1 [internal function]: CodeIgniter\Debug\Exceptions->shutdownHandler()
CRITICAL - 2024-02-21 10:14:31 --> ErrorException: Allowed memory size of 134217728 bytes exhausted (tried to allocate 8192 bytes)
in APPPATH/Models/BidModel.php on line 18.
 1 [internal function]: CodeIgniter\Debug\Exceptions->shutdownHandler()
CRITICAL - 2024-02-21 10:14:59 --> ErrorException: Allowed memory size of 134217728 bytes exhausted (tried to allocate 8192 bytes)
in APPPATH/Models/BidModel.php on line 18.
 1 [internal function]: CodeIgniter\Debug\Exceptions->shutdownHandler()
CRITICAL - 2024-02-21 10:15:28 --> ErrorException: Allowed memory size of 134217728 bytes exhausted (tried to allocate 8192 bytes)
in APPPATH/Models/BidModel.php on line 18.
 1 [internal function]: CodeIgniter\Debug\Exceptions->shutdownHandler()
CRITICAL - 2024-02-21 10:16:10 --> ErrorException: Allowed memory size of 134217728 bytes exhausted (tried to allocate 8192 bytes)
in APPPATH/Models/BidModel.php on line 18.
 1 [internal function]: CodeIgniter\Debug\Exceptions->shutdownHandler()
CRITICAL - 2024-02-21 10:28:27 --> ErrorException: Allowed memory size of 134217728 bytes exhausted (tried to allocate 8192 bytes)
in APPPATH/Models/BidModel.php on line 18.
 1 [internal function]: CodeIgniter\Debug\Exceptions->shutdownHandler()
CRITICAL - 2024-02-21 10:28:44 --> ErrorException: Allowed memory size of 134217728 bytes exhausted (tried to allocate 8192 bytes)
in APPPATH/Models/BidModel.php on line 18.
 1 [internal function]: CodeIgniter\Debug\Exceptions->shutdownHandler()
CRITICAL - 2024-02-21 10:29:13 --> ErrorException: Allowed memory size of 134217728 bytes exhausted (tried to allocate 8192 bytes)
in APPPATH/Models/BidModel.php on line 18.
 1 [internal function]: CodeIgniter\Debug\Exceptions->shutdownHandler()
CRITICAL - 2024-02-21 10:34:19 --> ErrorException: Undefined array key "user_id"
in APPPATH/Controllers/BidController.php on line 29.
 1 APPPATH/Controllers/BidController.php(29): CodeIgniter\Debug\Exceptions->errorHandler(2, 'Undefined array key "user_id"', '/Users/rohitshakya/Desktop/My Projects/auction/app/Controllers/BidController.php', 29)
 2 SYSTEMPATH/CodeIgniter.php(941): App\Controllers\BidController->createBid()
 3 SYSTEMPATH/CodeIgniter.php(502): CodeIgniter\CodeIgniter->runController(Object(App\Controllers\BidController))
 4 SYSTEMPATH/CodeIgniter.php(361): CodeIgniter\CodeIgniter->handleRequest(null, Object(Config\Cache), false)
 5 FCPATH/index.php(79): CodeIgniter\CodeIgniter->run()
 6 SYSTEMPATH/Commands/Server/rewrite.php(47): require_once('/Users/rohitshakya/Desktop/My Projects/auction/public/index.php')
CRITICAL - 2024-02-21 10:44:39 --> TypeError: CodeIgniter\Controller::validate(): Argument #2 ($messages) must be of type array, null given, called in /Users/rohitshakya/Desktop/My Projects/auction/app/Controllers/BidController.php on line 25
in SYSTEMPATH/Controller.php on line 148.
 1 APPPATH/Controllers/BidController.php(25): CodeIgniter\Controller->validate([...], null)
 2 SYSTEMPATH/CodeIgniter.php(941): App\Controllers\BidController->createBid()
 3 SYSTEMPATH/CodeIgniter.php(502): CodeIgniter\CodeIgniter->runController(Object(App\Controllers\BidController))
 4 SYSTEMPATH/CodeIgniter.php(361): CodeIgniter\CodeIgniter->handleRequest(null, Object(Config\Cache), false)
 5 FCPATH/index.php(79): CodeIgniter\CodeIgniter->run()
 6 SYSTEMPATH/Commands/Server/rewrite.php(47): require_once('/Users/rohitshakya/Desktop/My Projects/auction/public/index.php')
CRITICAL - 2024-02-21 10:57:48 --> TypeError: CodeIgniter\Controller::validate(): Argument #2 ($messages) must be of type array, stdClass given, called in /Users/rohitshakya/Desktop/My Projects/auction/app/Controllers/BidController.php on line 25
in SYSTEMPATH/Controller.php on line 148.
 1 APPPATH/Controllers/BidController.php(25): CodeIgniter\Controller->validate([...], Object(stdClass))
 2 SYSTEMPATH/CodeIgniter.php(941): App\Controllers\BidController->createBid()
 3 SYSTEMPATH/CodeIgniter.php(502): CodeIgniter\CodeIgniter->runController(Object(App\Controllers\BidController))
 4 SYSTEMPATH/CodeIgniter.php(361): CodeIgniter\CodeIgniter->handleRequest(null, Object(Config\Cache), false)
 5 FCPATH/index.php(79): CodeIgniter\CodeIgniter->run()
 6 SYSTEMPATH/Commands/Server/rewrite.php(47): require_once('/Users/rohitshakya/Desktop/My Projects/auction/public/index.php')
CRITICAL - 2024-02-21 10:58:17 --> TypeError: CodeIgniter\Controller::validate(): Argument #2 ($messages) must be of type array, stdClass given, called in /Users/rohitshakya/Desktop/My Projects/auction/app/Controllers/BidController.php on line 25
in SYSTEMPATH/Controller.php on line 148.
 1 APPPATH/Controllers/BidController.php(25): CodeIgniter\Controller->validate([...], Object(stdClass))
 2 SYSTEMPATH/CodeIgniter.php(941): App\Controllers\BidController->createBid()
 3 SYSTEMPATH/CodeIgniter.php(502): CodeIgniter\CodeIgniter->runController(Object(App\Controllers\BidController))
 4 SYSTEMPATH/CodeIgniter.php(361): CodeIgniter\CodeIgniter->handleRequest(null, Object(Config\Cache), false)
 5 FCPATH/index.php(79): CodeIgniter\CodeIgniter->run()
 6 SYSTEMPATH/Commands/Server/rewrite.php(47): require_once('/Users/rohitshakya/Desktop/My Projects/auction/public/index.php')
CRITICAL - 2024-02-21 10:58:36 --> TypeError: CodeIgniter\Controller::validate(): Argument #2 ($messages) must be of type array, stdClass given, called in /Users/rohitshakya/Desktop/My Projects/auction/app/Controllers/BidController.php on line 25
in SYSTEMPATH/Controller.php on line 148.
 1 APPPATH/Controllers/BidController.php(25): CodeIgniter\Controller->validate([...], Object(stdClass))
 2 SYSTEMPATH/CodeIgniter.php(941): App\Controllers\BidController->createBid()
 3 SYSTEMPATH/CodeIgniter.php(502): CodeIgniter\CodeIgniter->runController(Object(App\Controllers\BidController))
 4 SYSTEMPATH/CodeIgniter.php(361): CodeIgniter\CodeIgniter->handleRequest(null, Object(Config\Cache), false)
 5 FCPATH/index.php(79): CodeIgniter\CodeIgniter->run()
 6 SYSTEMPATH/Commands/Server/rewrite.php(47): require_once('/Users/rohitshakya/Desktop/My Projects/auction/public/index.php')
CRITICAL - 2024-02-21 10:59:10 --> TypeError: CodeIgniter\Controller::validate(): Argument #2 ($messages) must be of type array, stdClass given, called in /Users/rohitshakya/Desktop/My Projects/auction/app/Controllers/BidController.php on line 25
in SYSTEMPATH/Controller.php on line 148.
 1 APPPATH/Controllers/BidController.php(25): CodeIgniter\Controller->validate([...], Object(stdClass))
 2 SYSTEMPATH/CodeIgniter.php(941): App\Controllers\BidController->createBid()
 3 SYSTEMPATH/CodeIgniter.php(502): CodeIgniter\CodeIgniter->runController(Object(App\Controllers\BidController))
 4 SYSTEMPATH/CodeIgniter.php(361): CodeIgniter\CodeIgniter->handleRequest(null, Object(Config\Cache), false)
 5 FCPATH/index.php(79): CodeIgniter\CodeIgniter->run()
 6 SYSTEMPATH/Commands/Server/rewrite.php(47): require_once('/Users/rohitshakya/Desktop/My Projects/auction/public/index.php')
CRITICAL - 2024-02-21 10:59:11 --> TypeError: CodeIgniter\Controller::validate(): Argument #2 ($messages) must be of type array, stdClass given, called in /Users/rohitshakya/Desktop/My Projects/auction/app/Controllers/BidController.php on line 25
in SYSTEMPATH/Controller.php on line 148.
 1 APPPATH/Controllers/BidController.php(25): CodeIgniter\Controller->validate([...], Object(stdClass))
 2 SYSTEMPATH/CodeIgniter.php(941): App\Controllers\BidController->createBid()
 3 SYSTEMPATH/CodeIgniter.php(502): CodeIgniter\CodeIgniter->runController(Object(App\Controllers\BidController))
 4 SYSTEMPATH/CodeIgniter.php(361): CodeIgniter\CodeIgniter->handleRequest(null, Object(Config\Cache), false)
 5 FCPATH/index.php(79): CodeIgniter\CodeIgniter->run()
 6 SYSTEMPATH/Commands/Server/rewrite.php(47): require_once('/Users/rohitshakya/Desktop/My Projects/auction/public/index.php')
CRITICAL - 2024-02-21 10:59:34 --> Error: Cannot use object of type stdClass as array
in APPPATH/Controllers/BidController.php on line 27.
 1 SYSTEMPATH/CodeIgniter.php(941): App\Controllers\BidController->createBid()
 2 SYSTEMPATH/CodeIgniter.php(502): CodeIgniter\CodeIgniter->runController(Object(App\Controllers\BidController))
 3 SYSTEMPATH/CodeIgniter.php(361): CodeIgniter\CodeIgniter->handleRequest(null, Object(Config\Cache), false)
 4 FCPATH/index.php(79): CodeIgniter\CodeIgniter->run()
 5 SYSTEMPATH/Commands/Server/rewrite.php(47): require_once('/Users/rohitshakya/Desktop/My Projects/auction/public/index.php')
CRITICAL - 2024-02-21 11:01:22 --> TypeError: json_decode(): Argument #1 ($json) must be of type string, stdClass given
in APPPATH/Controllers/BidController.php on line 18.
 1 APPPATH/Controllers/BidController.php(18): json_decode(Object(stdClass), true)
 2 SYSTEMPATH/CodeIgniter.php(941): App\Controllers\BidController->createBid()
 3 SYSTEMPATH/CodeIgniter.php(502): CodeIgniter\CodeIgniter->runController(Object(App\Controllers\BidController))
 4 SYSTEMPATH/CodeIgniter.php(361): CodeIgniter\CodeIgniter->handleRequest(null, Object(Config\Cache), false)
 5 FCPATH/index.php(79): CodeIgniter\CodeIgniter->run()
 6 SYSTEMPATH/Commands/Server/rewrite.php(47): require_once('/Users/rohitshakya/Desktop/My Projects/auction/public/index.php')
CRITICAL - 2024-02-21 11:01:35 --> TypeError: json_decode(): Argument #1 ($json) must be of type string, stdClass given
in APPPATH/Controllers/BidController.php on line 18.
 1 APPPATH/Controllers/BidController.php(18): json_decode(Object(stdClass), true)
 2 SYSTEMPATH/CodeIgniter.php(941): App\Controllers\BidController->createBid()
 3 SYSTEMPATH/CodeIgniter.php(502): CodeIgniter\CodeIgniter->runController(Object(App\Controllers\BidController))
 4 SYSTEMPATH/CodeIgniter.php(361): CodeIgniter\CodeIgniter->handleRequest(null, Object(Config\Cache), false)
 5 FCPATH/index.php(79): CodeIgniter\CodeIgniter->run()
 6 SYSTEMPATH/Commands/Server/rewrite.php(47): require_once('/Users/rohitshakya/Desktop/My Projects/auction/public/index.php')
ERROR - 2024-02-21 11:02:53 --> mysqli_sql_exception: Cannot add or update a child row: a foreign key constraint fails (`auction`.`bids`, CONSTRAINT `bids_ibfk_1` FOREIGN KEY (`user_id`) REFERENCES `Users` (`id`)) in /Users/rohitshakya/Desktop/My Projects/auction/vendor/codeigniter4/framework/system/Database/MySQLi/Connection.php:306
Stack trace:
#0 /Users/rohitshakya/Desktop/My Projects/auction/vendor/codeigniter4/framework/system/Database/MySQLi/Connection.php(306): mysqli->query('INSERT INTO `bi...', 0)
#1 /Users/rohitshakya/Desktop/My Projects/auction/vendor/codeigniter4/framework/system/Database/BaseConnection.php(693): CodeIgniter\Database\MySQLi\Connection->execute('INSERT INTO `bi...')
#2 /Users/rohitshakya/Desktop/My Projects/auction/vendor/codeigniter4/framework/system/Database/BaseConnection.php(607): CodeIgniter\Database\BaseConnection->simpleQuery('INSERT INTO `bi...')
#3 /Users/rohitshakya/Desktop/My Projects/auction/vendor/codeigniter4/framework/system/Database/BaseBuilder.php(2307): CodeIgniter\Database\BaseConnection->query('INSERT INTO `bi...', Array, false)
#4 /Users/rohitshakya/Desktop/My Projects/auction/vendor/codeigniter4/framework/system/Model.php(326): CodeIgniter\Database\BaseBuilder->insert()
#5 /Users/rohitshakya/Desktop/My Projects/auction/vendor/codeigniter4/framework/system/BaseModel.php(802): CodeIgniter\Model->doInsert(Array)
#6 /Users/rohitshakya/Desktop/My Projects/auction/vendor/codeigniter4/framework/system/Model.php(744): CodeIgniter\BaseModel->insert(Array, true)
#7 /Users/rohitshakya/Desktop/My Projects/auction/app/Controllers/BidController.php(33): CodeIgniter\Model->insert(Array)
#8 /Users/rohitshakya/Desktop/My Projects/auction/vendor/codeigniter4/framework/system/CodeIgniter.php(941): App\Controllers\BidController->createBid()
#9 /Users/rohitshakya/Desktop/My Projects/auction/vendor/codeigniter4/framework/system/CodeIgniter.php(502): CodeIgniter\CodeIgniter->runController(Object(App\Controllers\BidController))
#10 /Users/rohitshakya/Desktop/My Projects/auction/vendor/codeigniter4/framework/system/CodeIgniter.php(361): CodeIgniter\CodeIgniter->handleRequest(NULL, Object(Config\Cache), false)
#11 /Users/rohitshakya/Desktop/My Projects/auction/public/index.php(79): CodeIgniter\CodeIgniter->run()
#12 /Users/rohitshakya/Desktop/My Projects/auction/vendor/codeigniter4/framework/system/Commands/Server/rewrite.php(47): require_once('/Users/rohitsha...')
#13 {main}
CRITICAL - 2024-02-21 11:02:53 --> CodeIgniter\Database\Exceptions\DatabaseException: Cannot add or update a child row: a foreign key constraint fails (`auction`.`bids`, CONSTRAINT `bids_ibfk_1` FOREIGN KEY (`user_id`) REFERENCES `Users` (`id`))
in SYSTEMPATH/Database/BaseConnection.php on line 647.
 1 SYSTEMPATH/Database/BaseBuilder.php(2307): CodeIgniter\Database\BaseConnection->query('INSERT INTO `bids` (`user_id`, `contract_id`, `amount`) VALUES (:user_id:, :contract_id:, :amount:)', [...], false)
 2 SYSTEMPATH/Model.php(326): CodeIgniter\Database\BaseBuilder->insert()
 3 SYSTEMPATH/BaseModel.php(802): CodeIgniter\Model->doInsert([...])
 4 SYSTEMPATH/Model.php(744): CodeIgniter\BaseModel->insert([...], true)
 5 APPPATH/Controllers/BidController.php(33): CodeIgniter\Model->insert([...])
 6 SYSTEMPATH/CodeIgniter.php(941): App\Controllers\BidController->createBid()
 7 SYSTEMPATH/CodeIgniter.php(502): CodeIgniter\CodeIgniter->runController(Object(App\Controllers\BidController))
 8 SYSTEMPATH/CodeIgniter.php(361): CodeIgniter\CodeIgniter->handleRequest(null, Object(Config\Cache), false)
 9 FCPATH/index.php(79): CodeIgniter\CodeIgniter->run()
10 SYSTEMPATH/Commands/Server/rewrite.php(47): require_once('/Users/rohitshakya/Desktop/My Projects/auction/public/index.php')
CRITICAL - 2024-02-21 11:02:53 --> [Caused by] CodeIgniter\Database\Exceptions\DatabaseException: Cannot add or update a child row: a foreign key constraint fails (`auction`.`bids`, CONSTRAINT `bids_ibfk_1` FOREIGN KEY (`user_id`) REFERENCES `Users` (`id`))
in SYSTEMPATH/Database/MySQLi/Connection.php on line 311.
 1 SYSTEMPATH/Database/BaseConnection.php(693): CodeIgniter\Database\MySQLi\Connection->execute('INSERT INTO `bids` (`user_id`, `contract_id`, `amount`) VALUES (2, 1, 1005)')
 2 SYSTEMPATH/Database/BaseConnection.php(607): CodeIgniter\Database\BaseConnection->simpleQuery('INSERT INTO `bids` (`user_id`, `contract_id`, `amount`) VALUES (2, 1, 1005)')
 3 SYSTEMPATH/Database/BaseBuilder.php(2307): CodeIgniter\Database\BaseConnection->query('INSERT INTO `bids` (`user_id`, `contract_id`, `amount`) VALUES (:user_id:, :contract_id:, :amount:)', [...], false)
 4 SYSTEMPATH/Model.php(326): CodeIgniter\Database\BaseBuilder->insert()
 5 SYSTEMPATH/BaseModel.php(802): CodeIgniter\Model->doInsert([...])
 6 SYSTEMPATH/Model.php(744): CodeIgniter\BaseModel->insert([...], true)
 7 APPPATH/Controllers/BidController.php(33): CodeIgniter\Model->insert([...])
 8 SYSTEMPATH/CodeIgniter.php(941): App\Controllers\BidController->createBid()
 9 SYSTEMPATH/CodeIgniter.php(502): CodeIgniter\CodeIgniter->runController(Object(App\Controllers\BidController))
10 SYSTEMPATH/CodeIgniter.php(361): CodeIgniter\CodeIgniter->handleRequest(null, Object(Config\Cache), false)
11 FCPATH/index.php(79): CodeIgniter\CodeIgniter->run()
12 SYSTEMPATH/Commands/Server/rewrite.php(47): require_once('/Users/rohitshakya/Desktop/My Projects/auction/public/index.php')
CRITICAL - 2024-02-21 11:02:53 --> [Caused by] mysqli_sql_exception: Cannot add or update a child row: a foreign key constraint fails (`auction`.`bids`, CONSTRAINT `bids_ibfk_1` FOREIGN KEY (`user_id`) REFERENCES `Users` (`id`))
in SYSTEMPATH/Database/MySQLi/Connection.php on line 306.
 1 SYSTEMPATH/Database/MySQLi/Connection.php(306): mysqli->query('INSERT INTO `bids` (`user_id`, `contract_id`, `amount`) VALUES (2, 1, 1005)', 0)
 2 SYSTEMPATH/Database/BaseConnection.php(693): CodeIgniter\Database\MySQLi\Connection->execute('INSERT INTO `bids` (`user_id`, `contract_id`, `amount`) VALUES (2, 1, 1005)')
 3 SYSTEMPATH/Database/BaseConnection.php(607): CodeIgniter\Database\BaseConnection->simpleQuery('INSERT INTO `bids` (`user_id`, `contract_id`, `amount`) VALUES (2, 1, 1005)')
 4 SYSTEMPATH/Database/BaseBuilder.php(2307): CodeIgniter\Database\BaseConnection->query('INSERT INTO `bids` (`user_id`, `contract_id`, `amount`) VALUES (:user_id:, :contract_id:, :amount:)', [...], false)
 5 SYSTEMPATH/Model.php(326): CodeIgniter\Database\BaseBuilder->insert()
 6 SYSTEMPATH/BaseModel.php(802): CodeIgniter\Model->doInsert([...])
 7 SYSTEMPATH/Model.php(744): CodeIgniter\BaseModel->insert([...], true)
 8 APPPATH/Controllers/BidController.php(33): CodeIgniter\Model->insert([...])
 9 SYSTEMPATH/CodeIgniter.php(941): App\Controllers\BidController->createBid()
10 SYSTEMPATH/CodeIgniter.php(502): CodeIgniter\CodeIgniter->runController(Object(App\Controllers\BidController))
11 SYSTEMPATH/CodeIgniter.php(361): CodeIgniter\CodeIgniter->handleRequest(null, Object(Config\Cache), false)
12 FCPATH/index.php(79): CodeIgniter\CodeIgniter->run()
13 SYSTEMPATH/Commands/Server/rewrite.php(47): require_once('/Users/rohitshakya/Desktop/My Projects/auction/public/index.php')
ERROR - 2024-02-21 11:03:35 --> mysqli_sql_exception: Cannot add or update a child row: a foreign key constraint fails (`auction`.`bids`, CONSTRAINT `bids_ibfk_1` FOREIGN KEY (`user_id`) REFERENCES `Users` (`id`)) in /Users/rohitshakya/Desktop/My Projects/auction/vendor/codeigniter4/framework/system/Database/MySQLi/Connection.php:306
Stack trace:
#0 /Users/rohitshakya/Desktop/My Projects/auction/vendor/codeigniter4/framework/system/Database/MySQLi/Connection.php(306): mysqli->query('INSERT INTO `bi...', 0)
#1 /Users/rohitshakya/Desktop/My Projects/auction/vendor/codeigniter4/framework/system/Database/BaseConnection.php(693): CodeIgniter\Database\MySQLi\Connection->execute('INSERT INTO `bi...')
#2 /Users/rohitshakya/Desktop/My Projects/auction/vendor/codeigniter4/framework/system/Database/BaseConnection.php(607): CodeIgniter\Database\BaseConnection->simpleQuery('INSERT INTO `bi...')
#3 /Users/rohitshakya/Desktop/My Projects/auction/vendor/codeigniter4/framework/system/Database/BaseBuilder.php(2307): CodeIgniter\Database\BaseConnection->query('INSERT INTO `bi...', Array, false)
#4 /Users/rohitshakya/Desktop/My Projects/auction/vendor/codeigniter4/framework/system/Model.php(326): CodeIgniter\Database\BaseBuilder->insert()
#5 /Users/rohitshakya/Desktop/My Projects/auction/vendor/codeigniter4/framework/system/BaseModel.php(802): CodeIgniter\Model->doInsert(Array)
#6 /Users/rohitshakya/Desktop/My Projects/auction/vendor/codeigniter4/framework/system/Model.php(744): CodeIgniter\BaseModel->insert(Array, true)
#7 /Users/rohitshakya/Desktop/My Projects/auction/app/Controllers/BidController.php(33): CodeIgniter\Model->insert(Array)
#8 /Users/rohitshakya/Desktop/My Projects/auction/vendor/codeigniter4/framework/system/CodeIgniter.php(941): App\Controllers\BidController->createBid()
#9 /Users/rohitshakya/Desktop/My Projects/auction/vendor/codeigniter4/framework/system/CodeIgniter.php(502): CodeIgniter\CodeIgniter->runController(Object(App\Controllers\BidController))
#10 /Users/rohitshakya/Desktop/My Projects/auction/vendor/codeigniter4/framework/system/CodeIgniter.php(361): CodeIgniter\CodeIgniter->handleRequest(NULL, Object(Config\Cache), false)
#11 /Users/rohitshakya/Desktop/My Projects/auction/public/index.php(79): CodeIgniter\CodeIgniter->run()
#12 /Users/rohitshakya/Desktop/My Projects/auction/vendor/codeigniter4/framework/system/Commands/Server/rewrite.php(47): require_once('/Users/rohitsha...')
#13 {main}
CRITICAL - 2024-02-21 11:03:35 --> CodeIgniter\Database\Exceptions\DatabaseException: Cannot add or update a child row: a foreign key constraint fails (`auction`.`bids`, CONSTRAINT `bids_ibfk_1` FOREIGN KEY (`user_id`) REFERENCES `Users` (`id`))
in SYSTEMPATH/Database/BaseConnection.php on line 647.
 1 SYSTEMPATH/Database/BaseBuilder.php(2307): CodeIgniter\Database\BaseConnection->query('INSERT INTO `bids` (`user_id`, `contract_id`, `amount`) VALUES (:user_id:, :contract_id:, :amount:)', [...], false)
 2 SYSTEMPATH/Model.php(326): CodeIgniter\Database\BaseBuilder->insert()
 3 SYSTEMPATH/BaseModel.php(802): CodeIgniter\Model->doInsert([...])
 4 SYSTEMPATH/Model.php(744): CodeIgniter\BaseModel->insert([...], true)
 5 APPPATH/Controllers/BidController.php(33): CodeIgniter\Model->insert([...])
 6 SYSTEMPATH/CodeIgniter.php(941): App\Controllers\BidController->createBid()
 7 SYSTEMPATH/CodeIgniter.php(502): CodeIgniter\CodeIgniter->runController(Object(App\Controllers\BidController))
 8 SYSTEMPATH/CodeIgniter.php(361): CodeIgniter\CodeIgniter->handleRequest(null, Object(Config\Cache), false)
 9 FCPATH/index.php(79): CodeIgniter\CodeIgniter->run()
10 SYSTEMPATH/Commands/Server/rewrite.php(47): require_once('/Users/rohitshakya/Desktop/My Projects/auction/public/index.php')
CRITICAL - 2024-02-21 11:03:35 --> [Caused by] CodeIgniter\Database\Exceptions\DatabaseException: Cannot add or update a child row: a foreign key constraint fails (`auction`.`bids`, CONSTRAINT `bids_ibfk_1` FOREIGN KEY (`user_id`) REFERENCES `Users` (`id`))
in SYSTEMPATH/Database/MySQLi/Connection.php on line 311.
 1 SYSTEMPATH/Database/BaseConnection.php(693): CodeIgniter\Database\MySQLi\Connection->execute('INSERT INTO `bids` (`user_id`, `contract_id`, `amount`) VALUES (2, 1, 1005)')
 2 SYSTEMPATH/Database/BaseConnection.php(607): CodeIgniter\Database\BaseConnection->simpleQuery('INSERT INTO `bids` (`user_id`, `contract_id`, `amount`) VALUES (2, 1, 1005)')
 3 SYSTEMPATH/Database/BaseBuilder.php(2307): CodeIgniter\Database\BaseConnection->query('INSERT INTO `bids` (`user_id`, `contract_id`, `amount`) VALUES (:user_id:, :contract_id:, :amount:)', [...], false)
 4 SYSTEMPATH/Model.php(326): CodeIgniter\Database\BaseBuilder->insert()
 5 SYSTEMPATH/BaseModel.php(802): CodeIgniter\Model->doInsert([...])
 6 SYSTEMPATH/Model.php(744): CodeIgniter\BaseModel->insert([...], true)
 7 APPPATH/Controllers/BidController.php(33): CodeIgniter\Model->insert([...])
 8 SYSTEMPATH/CodeIgniter.php(941): App\Controllers\BidController->createBid()
 9 SYSTEMPATH/CodeIgniter.php(502): CodeIgniter\CodeIgniter->runController(Object(App\Controllers\BidController))
10 SYSTEMPATH/CodeIgniter.php(361): CodeIgniter\CodeIgniter->handleRequest(null, Object(Config\Cache), false)
11 FCPATH/index.php(79): CodeIgniter\CodeIgniter->run()
12 SYSTEMPATH/Commands/Server/rewrite.php(47): require_once('/Users/rohitshakya/Desktop/My Projects/auction/public/index.php')
CRITICAL - 2024-02-21 11:03:35 --> [Caused by] mysqli_sql_exception: Cannot add or update a child row: a foreign key constraint fails (`auction`.`bids`, CONSTRAINT `bids_ibfk_1` FOREIGN KEY (`user_id`) REFERENCES `Users` (`id`))
in SYSTEMPATH/Database/MySQLi/Connection.php on line 306.
 1 SYSTEMPATH/Database/MySQLi/Connection.php(306): mysqli->query('INSERT INTO `bids` (`user_id`, `contract_id`, `amount`) VALUES (2, 1, 1005)', 0)
 2 SYSTEMPATH/Database/BaseConnection.php(693): CodeIgniter\Database\MySQLi\Connection->execute('INSERT INTO `bids` (`user_id`, `contract_id`, `amount`) VALUES (2, 1, 1005)')
 3 SYSTEMPATH/Database/BaseConnection.php(607): CodeIgniter\Database\BaseConnection->simpleQuery('INSERT INTO `bids` (`user_id`, `contract_id`, `amount`) VALUES (2, 1, 1005)')
 4 SYSTEMPATH/Database/BaseBuilder.php(2307): CodeIgniter\Database\BaseConnection->query('INSERT INTO `bids` (`user_id`, `contract_id`, `amount`) VALUES (:user_id:, :contract_id:, :amount:)', [...], false)
 5 SYSTEMPATH/Model.php(326): CodeIgniter\Database\BaseBuilder->insert()
 6 SYSTEMPATH/BaseModel.php(802): CodeIgniter\Model->doInsert([...])
 7 SYSTEMPATH/Model.php(744): CodeIgniter\BaseModel->insert([...], true)
 8 APPPATH/Controllers/BidController.php(33): CodeIgniter\Model->insert([...])
 9 SYSTEMPATH/CodeIgniter.php(941): App\Controllers\BidController->createBid()
10 SYSTEMPATH/CodeIgniter.php(502): CodeIgniter\CodeIgniter->runController(Object(App\Controllers\BidController))
11 SYSTEMPATH/CodeIgniter.php(361): CodeIgniter\CodeIgniter->handleRequest(null, Object(Config\Cache), false)
12 FCPATH/index.php(79): CodeIgniter\CodeIgniter->run()
13 SYSTEMPATH/Commands/Server/rewrite.php(47): require_once('/Users/rohitshakya/Desktop/My Projects/auction/public/index.php')
CRITICAL - 2024-02-21 12:14:36 --> CodeIgniter\View\Exceptions\ViewException: Invalid file: "creatContractView.php"
in SYSTEMPATH/Exceptions/FrameworkException.php on line 39.
 1 SYSTEMPATH/View/View.php(216): CodeIgniter\Exceptions\FrameworkException::forInvalidFile('creatContractView.php')
 2 SYSTEMPATH/Common.php(1178): CodeIgniter\View\View->render('creatContractView', [], true)
 3 APPPATH/Controllers/Home.php(21): view('creatContractView')
 4 SYSTEMPATH/CodeIgniter.php(941): App\Controllers\Home->postContract()
 5 SYSTEMPATH/CodeIgniter.php(502): CodeIgniter\CodeIgniter->runController(Object(App\Controllers\Home))
 6 SYSTEMPATH/CodeIgniter.php(361): CodeIgniter\CodeIgniter->handleRequest(null, Object(Config\Cache), false)
 7 FCPATH/index.php(79): CodeIgniter\CodeIgniter->run()
 8 SYSTEMPATH/Commands/Server/rewrite.php(47): require_once('/Users/rohitshakya/Desktop/My Projects/auction/public/index.php')
CRITICAL - 2024-02-21 12:15:20 --> CodeIgniter\View\Exceptions\ViewException: Invalid file: "creatContractView.php"
in SYSTEMPATH/Exceptions/FrameworkException.php on line 39.
 1 SYSTEMPATH/View/View.php(216): CodeIgniter\Exceptions\FrameworkException::forInvalidFile('creatContractView.php')
 2 SYSTEMPATH/Common.php(1178): CodeIgniter\View\View->render('creatContractView', [], true)
 3 APPPATH/Controllers/Home.php(21): view('creatContractView')
 4 SYSTEMPATH/CodeIgniter.php(941): App\Controllers\Home->postContract()
 5 SYSTEMPATH/CodeIgniter.php(502): CodeIgniter\CodeIgniter->runController(Object(App\Controllers\Home))
 6 SYSTEMPATH/CodeIgniter.php(361): CodeIgniter\CodeIgniter->handleRequest(null, Object(Config\Cache), false)
 7 FCPATH/index.php(79): CodeIgniter\CodeIgniter->run()
 8 SYSTEMPATH/Commands/Server/rewrite.php(47): require_once('/Users/rohitshakya/Desktop/My Projects/auction/public/index.php')
CRITICAL - 2024-02-21 12:15:24 --> CodeIgniter\View\Exceptions\ViewException: Invalid file: "creatContractView.php"
in SYSTEMPATH/Exceptions/FrameworkException.php on line 39.
 1 SYSTEMPATH/View/View.php(216): CodeIgniter\Exceptions\FrameworkException::forInvalidFile('creatContractView.php')
 2 SYSTEMPATH/Common.php(1178): CodeIgniter\View\View->render('creatContractView', [], true)
 3 APPPATH/Controllers/Home.php(21): view('creatContractView')
 4 SYSTEMPATH/CodeIgniter.php(941): App\Controllers\Home->postContract()
 5 SYSTEMPATH/CodeIgniter.php(502): CodeIgniter\CodeIgniter->runController(Object(App\Controllers\Home))
 6 SYSTEMPATH/CodeIgniter.php(361): CodeIgniter\CodeIgniter->handleRequest(null, Object(Config\Cache), false)
 7 FCPATH/index.php(79): CodeIgniter\CodeIgniter->run()
 8 SYSTEMPATH/Commands/Server/rewrite.php(47): require_once('/Users/rohitshakya/Desktop/My Projects/auction/public/index.php')
CRITICAL - 2024-02-21 12:16:02 --> CodeIgniter\View\Exceptions\ViewException: Invalid file: "creatContractView.php"
in SYSTEMPATH/Exceptions/FrameworkException.php on line 39.
 1 SYSTEMPATH/View/View.php(216): CodeIgniter\Exceptions\FrameworkException::forInvalidFile('creatContractView.php')
 2 SYSTEMPATH/Common.php(1178): CodeIgniter\View\View->render('creatContractView', [], true)
 3 APPPATH/Controllers/Home.php(22): view('creatContractView')
 4 SYSTEMPATH/CodeIgniter.php(941): App\Controllers\Home->postContract()
 5 SYSTEMPATH/CodeIgniter.php(502): CodeIgniter\CodeIgniter->runController(Object(App\Controllers\Home))
 6 SYSTEMPATH/CodeIgniter.php(361): CodeIgniter\CodeIgniter->handleRequest(null, Object(Config\Cache), false)
 7 FCPATH/index.php(79): CodeIgniter\CodeIgniter->run()
 8 SYSTEMPATH/Commands/Server/rewrite.php(47): require_once('/Users/rohitshakya/Desktop/My Projects/auction/public/index.php')
CRITICAL - 2024-02-21 17:47:27 --> CodeIgniter\View\Exceptions\ViewException: Invalid file: "bid.php"
in SYSTEMPATH/Exceptions/FrameworkException.php on line 39.
 1 SYSTEMPATH/View/View.php(216): CodeIgniter\Exceptions\FrameworkException::forInvalidFile('bid.php')
 2 SYSTEMPATH/Common.php(1178): CodeIgniter\View\View->render('bid', [], true)
 3 APPPATH/Controllers/ContractController.php(25): view('bid', [...])
 4 SYSTEMPATH/CodeIgniter.php(941): App\Controllers\ContractController->getContracts()
 5 SYSTEMPATH/CodeIgniter.php(502): CodeIgniter\CodeIgniter->runController(Object(App\Controllers\ContractController))
 6 SYSTEMPATH/CodeIgniter.php(361): CodeIgniter\CodeIgniter->handleRequest(null, Object(Config\Cache), false)
 7 FCPATH/index.php(79): CodeIgniter\CodeIgniter->run()
 8 SYSTEMPATH/Commands/Server/rewrite.php(47): require_once('/Users/rohitshakya/Desktop/My Projects/auction/public/index.php')
CRITICAL - 2024-02-21 17:47:30 --> CodeIgniter\View\Exceptions\ViewException: Invalid file: "bid.php"
in SYSTEMPATH/Exceptions/FrameworkException.php on line 39.
 1 SYSTEMPATH/View/View.php(216): CodeIgniter\Exceptions\FrameworkException::forInvalidFile('bid.php')
 2 SYSTEMPATH/Common.php(1178): CodeIgniter\View\View->render('bid', [], true)
 3 APPPATH/Controllers/ContractController.php(25): view('bid', [...])
 4 SYSTEMPATH/CodeIgniter.php(941): App\Controllers\ContractController->getContracts()
 5 SYSTEMPATH/CodeIgniter.php(502): CodeIgniter\CodeIgniter->runController(Object(App\Controllers\ContractController))
 6 SYSTEMPATH/CodeIgniter.php(361): CodeIgniter\CodeIgniter->handleRequest(null, Object(Config\Cache), false)
 7 FCPATH/index.php(79): CodeIgniter\CodeIgniter->run()
 8 SYSTEMPATH/Commands/Server/rewrite.php(47): require_once('/Users/rohitshakya/Desktop/My Projects/auction/public/index.php')
CRITICAL - 2024-02-21 17:49:42 --> Error: Class "App\Controllers\UserModel" not found
in APPPATH/Controllers/BaseController.php on line 62.
 1 SYSTEMPATH/CodeIgniter.php(913): App\Controllers\BaseController->__construct()
 2 SYSTEMPATH/CodeIgniter.php(493): CodeIgniter\CodeIgniter->createController()
 3 SYSTEMPATH/CodeIgniter.php(361): CodeIgniter\CodeIgniter->handleRequest(null, Object(Config\Cache), false)
 4 FCPATH/index.php(79): CodeIgniter\CodeIgniter->run()
 5 SYSTEMPATH/Commands/Server/rewrite.php(47): require_once('/Users/rohitshakya/Desktop/My Projects/auction/public/index.php')
CRITICAL - 2024-02-21 17:49:42 --> Error: Class "App\Controllers\UserModel" not found
in APPPATH/Controllers/BaseController.php on line 62.
 1 SYSTEMPATH/CodeIgniter.php(913): App\Controllers\BaseController->__construct()
 2 SYSTEMPATH/CodeIgniter.php(493): CodeIgniter\CodeIgniter->createController()
 3 SYSTEMPATH/CodeIgniter.php(361): CodeIgniter\CodeIgniter->handleRequest(null, Object(Config\Cache), false)
 4 FCPATH/index.php(79): CodeIgniter\CodeIgniter->run()
 5 SYSTEMPATH/Commands/Server/rewrite.php(47): require_once('/Users/rohitshakya/Desktop/My Projects/auction/public/index.php')
CRITICAL - 2024-02-21 17:50:09 --> Error: Class "App\Controllers\UserModel" not found
in APPPATH/Controllers/BaseController.php on line 62.
 1 SYSTEMPATH/CodeIgniter.php(913): App\Controllers\BaseController->__construct()
 2 SYSTEMPATH/CodeIgniter.php(493): CodeIgniter\CodeIgniter->createController()
 3 SYSTEMPATH/CodeIgniter.php(361): CodeIgniter\CodeIgniter->handleRequest(null, Object(Config\Cache), false)
 4 FCPATH/index.php(79): CodeIgniter\CodeIgniter->run()
 5 SYSTEMPATH/Commands/Server/rewrite.php(47): require_once('/Users/rohitshakya/Desktop/My Projects/auction/public/index.php')
CRITICAL - 2024-02-21 17:50:10 --> Error: Class "App\Controllers\UserModel" not found
in APPPATH/Controllers/BaseController.php on line 62.
 1 SYSTEMPATH/CodeIgniter.php(913): App\Controllers\BaseController->__construct()
 2 SYSTEMPATH/CodeIgniter.php(493): CodeIgniter\CodeIgniter->createController()
 3 SYSTEMPATH/CodeIgniter.php(361): CodeIgniter\CodeIgniter->handleRequest(null, Object(Config\Cache), false)
 4 FCPATH/index.php(79): CodeIgniter\CodeIgniter->run()
 5 SYSTEMPATH/Commands/Server/rewrite.php(47): require_once('/Users/rohitshakya/Desktop/My Projects/auction/public/index.php')
