ERROR - 2024-02-22 05:24:13 --> mysqli_sql_exception: Unknown column 'email' in 'where clause' in /Users/rohitshakya/Desktop/My Projects/auction/vendor/codeigniter4/framework/system/Database/MySQLi/Connection.php:306
Stack trace:
#0 /Users/rohitshakya/Desktop/My Projects/auction/vendor/codeigniter4/framework/system/Database/MySQLi/Connection.php(306): mysqli->query('SELECT *\nFROM `...', 0)
#1 /Users/rohitshakya/Desktop/My Projects/auction/vendor/codeigniter4/framework/system/Database/BaseConnection.php(693): CodeIgniter\Database\MySQLi\Connection->execute('SELECT *\nFROM `...')
#2 /Users/rohitshakya/Desktop/My Projects/auction/vendor/codeigniter4/framework/system/Database/BaseConnection.php(607): CodeIgniter\Database\BaseConnection->simpleQuery('SELECT *\nFROM `...')
#3 /Users/rohitshakya/Desktop/My Projects/auction/vendor/codeigniter4/framework/system/Database/BaseBuilder.php(1616): CodeIgniter\Database\BaseConnection->query('SELECT *\nFROM `...', Array, false)
#4 /Users/rohitshakya/Desktop/My Projects/auction/vendor/codeigniter4/framework/system/Model.php(270): CodeIgniter\Database\BaseBuilder->get()
#5 /Users/rohitshakya/Desktop/My Projects/auction/vendor/codeigniter4/framework/system/BaseModel.php(676): CodeIgniter\Model->doFirst()
#6 /Users/rohitshakya/Desktop/My Projects/auction/app/Controllers/AuthController.php(22): CodeIgniter\BaseModel->first()
#7 /Users/rohitshakya/Desktop/My Projects/auction/vendor/codeigniter4/framework/system/CodeIgniter.php(941): App\Controllers\AuthController->login()
#8 /Users/rohitshakya/Desktop/My Projects/auction/vendor/codeigniter4/framework/system/CodeIgniter.php(502): CodeIgniter\CodeIgniter->runController(Object(App\Controllers\AuthController))
#9 /Users/rohitshakya/Desktop/My Projects/auction/vendor/codeigniter4/framework/system/CodeIgniter.php(361): CodeIgniter\CodeIgniter->handleRequest(NULL, Object(Config\Cache), false)
#10 /Users/rohitshakya/Desktop/My Projects/auction/public/index.php(79): CodeIgniter\CodeIgniter->run()
#11 /Users/rohitshakya/Desktop/My Projects/auction/vendor/codeigniter4/framework/system/Commands/Server/rewrite.php(47): require_once('/Users/rohitsha...')
#12 {main}
CRITICAL - 2024-02-22 05:24:13 --> CodeIgniter\Database\Exceptions\DatabaseException: Unknown column 'email' in 'where clause'
in SYSTEMPATH/Database/BaseConnection.php on line 647.
 1 SYSTEMPATH/Database/BaseBuilder.php(1616): CodeIgniter\Database\BaseConnection->query('SELECT *
FROM `bids`
WHERE `email` = :email:
 LIMIT 1', [...], false)
 2 SYSTEMPATH/Model.php(270): CodeIgniter\Database\BaseBuilder->get()
 3 SYSTEMPATH/BaseModel.php(676): CodeIgniter\Model->doFirst()
 4 APPPATH/Controllers/AuthController.php(22): CodeIgniter\BaseModel->first()
 5 SYSTEMPATH/CodeIgniter.php(941): App\Controllers\AuthController->login()
 6 SYSTEMPATH/CodeIgniter.php(502): CodeIgniter\CodeIgniter->runController(Object(App\Controllers\AuthController))
 7 SYSTEMPATH/CodeIgniter.php(361): CodeIgniter\CodeIgniter->handleRequest(null, Object(Config\Cache), false)
 8 FCPATH/index.php(79): CodeIgniter\CodeIgniter->run()
 9 SYSTEMPATH/Commands/Server/rewrite.php(47): require_once('/Users/rohitshakya/Desktop/My Projects/auction/public/index.php')
CRITICAL - 2024-02-22 05:24:13 --> [Caused by] CodeIgniter\Database\Exceptions\DatabaseException: Unknown column 'email' in 'where clause'
in SYSTEMPATH/Database/MySQLi/Connection.php on line 311.
 1 SYSTEMPATH/Database/BaseConnection.php(693): CodeIgniter\Database\MySQLi\Connection->execute('SELECT *
FROM `bids`
WHERE `email` = \'rohit.shakya@roundcircle.tech\'
 LIMIT 1')
 2 SYSTEMPATH/Database/BaseConnection.php(607): CodeIgniter\Database\BaseConnection->simpleQuery('SELECT *
FROM `bids`
WHERE `email` = \'rohit.shakya@roundcircle.tech\'
 LIMIT 1')
 3 SYSTEMPATH/Database/BaseBuilder.php(1616): CodeIgniter\Database\BaseConnection->query('SELECT *
FROM `bids`
WHERE `email` = :email:
 LIMIT 1', [...], false)
 4 SYSTEMPATH/Model.php(270): CodeIgniter\Database\BaseBuilder->get()
 5 SYSTEMPATH/BaseModel.php(676): CodeIgniter\Model->doFirst()
 6 APPPATH/Controllers/AuthController.php(22): CodeIgniter\BaseModel->first()
 7 SYSTEMPATH/CodeIgniter.php(941): App\Controllers\AuthController->login()
 8 SYSTEMPATH/CodeIgniter.php(502): CodeIgniter\CodeIgniter->runController(Object(App\Controllers\AuthController))
 9 SYSTEMPATH/CodeIgniter.php(361): CodeIgniter\CodeIgniter->handleRequest(null, Object(Config\Cache), false)
10 FCPATH/index.php(79): CodeIgniter\CodeIgniter->run()
11 SYSTEMPATH/Commands/Server/rewrite.php(47): require_once('/Users/rohitshakya/Desktop/My Projects/auction/public/index.php')
CRITICAL - 2024-02-22 05:24:13 --> [Caused by] mysqli_sql_exception: Unknown column 'email' in 'where clause'
in SYSTEMPATH/Database/MySQLi/Connection.php on line 306.
 1 SYSTEMPATH/Database/MySQLi/Connection.php(306): mysqli->query('SELECT *
FROM `bids`
WHERE `email` = \'rohit.shakya@roundcircle.tech\'
 LIMIT 1', 0)
 2 SYSTEMPATH/Database/BaseConnection.php(693): CodeIgniter\Database\MySQLi\Connection->execute('SELECT *
FROM `bids`
WHERE `email` = \'rohit.shakya@roundcircle.tech\'
 LIMIT 1')
 3 SYSTEMPATH/Database/BaseConnection.php(607): CodeIgniter\Database\BaseConnection->simpleQuery('SELECT *
FROM `bids`
WHERE `email` = \'rohit.shakya@roundcircle.tech\'
 LIMIT 1')
 4 SYSTEMPATH/Database/BaseBuilder.php(1616): CodeIgniter\Database\BaseConnection->query('SELECT *
FROM `bids`
WHERE `email` = :email:
 LIMIT 1', [...], false)
 5 SYSTEMPATH/Model.php(270): CodeIgniter\Database\BaseBuilder->get()
 6 SYSTEMPATH/BaseModel.php(676): CodeIgniter\Model->doFirst()
 7 APPPATH/Controllers/AuthController.php(22): CodeIgniter\BaseModel->first()
 8 SYSTEMPATH/CodeIgniter.php(941): App\Controllers\AuthController->login()
 9 SYSTEMPATH/CodeIgniter.php(502): CodeIgniter\CodeIgniter->runController(Object(App\Controllers\AuthController))
10 SYSTEMPATH/CodeIgniter.php(361): CodeIgniter\CodeIgniter->handleRequest(null, Object(Config\Cache), false)
11 FCPATH/index.php(79): CodeIgniter\CodeIgniter->run()
12 SYSTEMPATH/Commands/Server/rewrite.php(47): require_once('/Users/rohitshakya/Desktop/My Projects/auction/public/index.php')
ERROR - 2024-02-22 05:25:52 --> mysqli_sql_exception: Unknown column 'email' in 'where clause' in /Users/rohitshakya/Desktop/My Projects/auction/vendor/codeigniter4/framework/system/Database/MySQLi/Connection.php:306
Stack trace:
#0 /Users/rohitshakya/Desktop/My Projects/auction/vendor/codeigniter4/framework/system/Database/MySQLi/Connection.php(306): mysqli->query('SELECT *\nFROM `...', 0)
#1 /Users/rohitshakya/Desktop/My Projects/auction/vendor/codeigniter4/framework/system/Database/BaseConnection.php(693): CodeIgniter\Database\MySQLi\Connection->execute('SELECT *\nFROM `...')
#2 /Users/rohitshakya/Desktop/My Projects/auction/vendor/codeigniter4/framework/system/Database/BaseConnection.php(607): CodeIgniter\Database\BaseConnection->simpleQuery('SELECT *\nFROM `...')
#3 /Users/rohitshakya/Desktop/My Projects/auction/vendor/codeigniter4/framework/system/Database/BaseBuilder.php(1616): CodeIgniter\Database\BaseConnection->query('SELECT *\nFROM `...', Array, false)
#4 /Users/rohitshakya/Desktop/My Projects/auction/vendor/codeigniter4/framework/system/Model.php(270): CodeIgniter\Database\BaseBuilder->get()
#5 /Users/rohitshakya/Desktop/My Projects/auction/vendor/codeigniter4/framework/system/BaseModel.php(676): CodeIgniter\Model->doFirst()
#6 /Users/rohitshakya/Desktop/My Projects/auction/app/Controllers/AuthController.php(23): CodeIgniter\BaseModel->first()
#7 /Users/rohitshakya/Desktop/My Projects/auction/vendor/codeigniter4/framework/system/CodeIgniter.php(941): App\Controllers\AuthController->login()
#8 /Users/rohitshakya/Desktop/My Projects/auction/vendor/codeigniter4/framework/system/CodeIgniter.php(502): CodeIgniter\CodeIgniter->runController(Object(App\Controllers\AuthController))
#9 /Users/rohitshakya/Desktop/My Projects/auction/vendor/codeigniter4/framework/system/CodeIgniter.php(361): CodeIgniter\CodeIgniter->handleRequest(NULL, Object(Config\Cache), false)
#10 /Users/rohitshakya/Desktop/My Projects/auction/public/index.php(79): CodeIgniter\CodeIgniter->run()
#11 /Users/rohitshakya/Desktop/My Projects/auction/vendor/codeigniter4/framework/system/Commands/Server/rewrite.php(47): require_once('/Users/rohitsha...')
#12 {main}
CRITICAL - 2024-02-22 05:25:52 --> CodeIgniter\Database\Exceptions\DatabaseException: Unknown column 'email' in 'where clause'
in SYSTEMPATH/Database/BaseConnection.php on line 647.
 1 SYSTEMPATH/Database/BaseBuilder.php(1616): CodeIgniter\Database\BaseConnection->query('SELECT *
FROM `bids`
WHERE `email` = :email:
 LIMIT 1', [...], false)
 2 SYSTEMPATH/Model.php(270): CodeIgniter\Database\BaseBuilder->get()
 3 SYSTEMPATH/BaseModel.php(676): CodeIgniter\Model->doFirst()
 4 APPPATH/Controllers/AuthController.php(23): CodeIgniter\BaseModel->first()
 5 SYSTEMPATH/CodeIgniter.php(941): App\Controllers\AuthController->login()
 6 SYSTEMPATH/CodeIgniter.php(502): CodeIgniter\CodeIgniter->runController(Object(App\Controllers\AuthController))
 7 SYSTEMPATH/CodeIgniter.php(361): CodeIgniter\CodeIgniter->handleRequest(null, Object(Config\Cache), false)
 8 FCPATH/index.php(79): CodeIgniter\CodeIgniter->run()
 9 SYSTEMPATH/Commands/Server/rewrite.php(47): require_once('/Users/rohitshakya/Desktop/My Projects/auction/public/index.php')
CRITICAL - 2024-02-22 05:25:52 --> [Caused by] CodeIgniter\Database\Exceptions\DatabaseException: Unknown column 'email' in 'where clause'
in SYSTEMPATH/Database/MySQLi/Connection.php on line 311.
 1 SYSTEMPATH/Database/BaseConnection.php(693): CodeIgniter\Database\MySQLi\Connection->execute('SELECT *
FROM `bids`
WHERE `email` = \'rohit.shakya@roundcircle.tech\'
 LIMIT 1')
 2 SYSTEMPATH/Database/BaseConnection.php(607): CodeIgniter\Database\BaseConnection->simpleQuery('SELECT *
FROM `bids`
WHERE `email` = \'rohit.shakya@roundcircle.tech\'
 LIMIT 1')
 3 SYSTEMPATH/Database/BaseBuilder.php(1616): CodeIgniter\Database\BaseConnection->query('SELECT *
FROM `bids`
WHERE `email` = :email:
 LIMIT 1', [...], false)
 4 SYSTEMPATH/Model.php(270): CodeIgniter\Database\BaseBuilder->get()
 5 SYSTEMPATH/BaseModel.php(676): CodeIgniter\Model->doFirst()
 6 APPPATH/Controllers/AuthController.php(23): CodeIgniter\BaseModel->first()
 7 SYSTEMPATH/CodeIgniter.php(941): App\Controllers\AuthController->login()
 8 SYSTEMPATH/CodeIgniter.php(502): CodeIgniter\CodeIgniter->runController(Object(App\Controllers\AuthController))
 9 SYSTEMPATH/CodeIgniter.php(361): CodeIgniter\CodeIgniter->handleRequest(null, Object(Config\Cache), false)
10 FCPATH/index.php(79): CodeIgniter\CodeIgniter->run()
11 SYSTEMPATH/Commands/Server/rewrite.php(47): require_once('/Users/rohitshakya/Desktop/My Projects/auction/public/index.php')
CRITICAL - 2024-02-22 05:25:52 --> [Caused by] mysqli_sql_exception: Unknown column 'email' in 'where clause'
in SYSTEMPATH/Database/MySQLi/Connection.php on line 306.
 1 SYSTEMPATH/Database/MySQLi/Connection.php(306): mysqli->query('SELECT *
FROM `bids`
WHERE `email` = \'rohit.shakya@roundcircle.tech\'
 LIMIT 1', 0)
 2 SYSTEMPATH/Database/BaseConnection.php(693): CodeIgniter\Database\MySQLi\Connection->execute('SELECT *
FROM `bids`
WHERE `email` = \'rohit.shakya@roundcircle.tech\'
 LIMIT 1')
 3 SYSTEMPATH/Database/BaseConnection.php(607): CodeIgniter\Database\BaseConnection->simpleQuery('SELECT *
FROM `bids`
WHERE `email` = \'rohit.shakya@roundcircle.tech\'
 LIMIT 1')
 4 SYSTEMPATH/Database/BaseBuilder.php(1616): CodeIgniter\Database\BaseConnection->query('SELECT *
FROM `bids`
WHERE `email` = :email:
 LIMIT 1', [...], false)
 5 SYSTEMPATH/Model.php(270): CodeIgniter\Database\BaseBuilder->get()
 6 SYSTEMPATH/BaseModel.php(676): CodeIgniter\Model->doFirst()
 7 APPPATH/Controllers/AuthController.php(23): CodeIgniter\BaseModel->first()
 8 SYSTEMPATH/CodeIgniter.php(941): App\Controllers\AuthController->login()
 9 SYSTEMPATH/CodeIgniter.php(502): CodeIgniter\CodeIgniter->runController(Object(App\Controllers\AuthController))
10 SYSTEMPATH/CodeIgniter.php(361): CodeIgniter\CodeIgniter->handleRequest(null, Object(Config\Cache), false)
11 FCPATH/index.php(79): CodeIgniter\CodeIgniter->run()
12 SYSTEMPATH/Commands/Server/rewrite.php(47): require_once('/Users/rohitshakya/Desktop/My Projects/auction/public/index.php')
ERROR - 2024-02-22 05:26:05 --> mysqli_sql_exception: Unknown column 'email' in 'where clause' in /Users/rohitshakya/Desktop/My Projects/auction/vendor/codeigniter4/framework/system/Database/MySQLi/Connection.php:306
Stack trace:
#0 /Users/rohitshakya/Desktop/My Projects/auction/vendor/codeigniter4/framework/system/Database/MySQLi/Connection.php(306): mysqli->query('SELECT *\nFROM `...', 0)
#1 /Users/rohitshakya/Desktop/My Projects/auction/vendor/codeigniter4/framework/system/Database/BaseConnection.php(693): CodeIgniter\Database\MySQLi\Connection->execute('SELECT *\nFROM `...')
#2 /Users/rohitshakya/Desktop/My Projects/auction/vendor/codeigniter4/framework/system/Database/BaseConnection.php(607): CodeIgniter\Database\BaseConnection->simpleQuery('SELECT *\nFROM `...')
#3 /Users/rohitshakya/Desktop/My Projects/auction/vendor/codeigniter4/framework/system/Database/BaseBuilder.php(1616): CodeIgniter\Database\BaseConnection->query('SELECT *\nFROM `...', Array, false)
#4 /Users/rohitshakya/Desktop/My Projects/auction/vendor/codeigniter4/framework/system/Model.php(270): CodeIgniter\Database\BaseBuilder->get()
#5 /Users/rohitshakya/Desktop/My Projects/auction/vendor/codeigniter4/framework/system/BaseModel.php(676): CodeIgniter\Model->doFirst()
#6 /Users/rohitshakya/Desktop/My Projects/auction/app/Controllers/AuthController.php(23): CodeIgniter\BaseModel->first()
#7 /Users/rohitshakya/Desktop/My Projects/auction/vendor/codeigniter4/framework/system/CodeIgniter.php(941): App\Controllers\AuthController->login()
#8 /Users/rohitshakya/Desktop/My Projects/auction/vendor/codeigniter4/framework/system/CodeIgniter.php(502): CodeIgniter\CodeIgniter->runController(Object(App\Controllers\AuthController))
#9 /Users/rohitshakya/Desktop/My Projects/auction/vendor/codeigniter4/framework/system/CodeIgniter.php(361): CodeIgniter\CodeIgniter->handleRequest(NULL, Object(Config\Cache), false)
#10 /Users/rohitshakya/Desktop/My Projects/auction/public/index.php(79): CodeIgniter\CodeIgniter->run()
#11 /Users/rohitshakya/Desktop/My Projects/auction/vendor/codeigniter4/framework/system/Commands/Server/rewrite.php(47): require_once('/Users/rohitsha...')
#12 {main}
CRITICAL - 2024-02-22 05:26:05 --> CodeIgniter\Database\Exceptions\DatabaseException: Unknown column 'email' in 'where clause'
in SYSTEMPATH/Database/BaseConnection.php on line 647.
 1 SYSTEMPATH/Database/BaseBuilder.php(1616): CodeIgniter\Database\BaseConnection->query('SELECT *
FROM `bids`
WHERE `email` = :email:
 LIMIT 1', [...], false)
 2 SYSTEMPATH/Model.php(270): CodeIgniter\Database\BaseBuilder->get()
 3 SYSTEMPATH/BaseModel.php(676): CodeIgniter\Model->doFirst()
 4 APPPATH/Controllers/AuthController.php(23): CodeIgniter\BaseModel->first()
 5 SYSTEMPATH/CodeIgniter.php(941): App\Controllers\AuthController->login()
 6 SYSTEMPATH/CodeIgniter.php(502): CodeIgniter\CodeIgniter->runController(Object(App\Controllers\AuthController))
 7 SYSTEMPATH/CodeIgniter.php(361): CodeIgniter\CodeIgniter->handleRequest(null, Object(Config\Cache), false)
 8 FCPATH/index.php(79): CodeIgniter\CodeIgniter->run()
 9 SYSTEMPATH/Commands/Server/rewrite.php(47): require_once('/Users/rohitshakya/Desktop/My Projects/auction/public/index.php')
CRITICAL - 2024-02-22 05:26:05 --> [Caused by] CodeIgniter\Database\Exceptions\DatabaseException: Unknown column 'email' in 'where clause'
in SYSTEMPATH/Database/MySQLi/Connection.php on line 311.
 1 SYSTEMPATH/Database/BaseConnection.php(693): CodeIgniter\Database\MySQLi\Connection->execute('SELECT *
FROM `bids`
WHERE `email` = \'rohit.rkshakya@gmail.com\'
 LIMIT 1')
 2 SYSTEMPATH/Database/BaseConnection.php(607): CodeIgniter\Database\BaseConnection->simpleQuery('SELECT *
FROM `bids`
WHERE `email` = \'rohit.rkshakya@gmail.com\'
 LIMIT 1')
 3 SYSTEMPATH/Database/BaseBuilder.php(1616): CodeIgniter\Database\BaseConnection->query('SELECT *
FROM `bids`
WHERE `email` = :email:
 LIMIT 1', [...], false)
 4 SYSTEMPATH/Model.php(270): CodeIgniter\Database\BaseBuilder->get()
 5 SYSTEMPATH/BaseModel.php(676): CodeIgniter\Model->doFirst()
 6 APPPATH/Controllers/AuthController.php(23): CodeIgniter\BaseModel->first()
 7 SYSTEMPATH/CodeIgniter.php(941): App\Controllers\AuthController->login()
 8 SYSTEMPATH/CodeIgniter.php(502): CodeIgniter\CodeIgniter->runController(Object(App\Controllers\AuthController))
 9 SYSTEMPATH/CodeIgniter.php(361): CodeIgniter\CodeIgniter->handleRequest(null, Object(Config\Cache), false)
10 FCPATH/index.php(79): CodeIgniter\CodeIgniter->run()
11 SYSTEMPATH/Commands/Server/rewrite.php(47): require_once('/Users/rohitshakya/Desktop/My Projects/auction/public/index.php')
CRITICAL - 2024-02-22 05:26:05 --> [Caused by] mysqli_sql_exception: Unknown column 'email' in 'where clause'
in SYSTEMPATH/Database/MySQLi/Connection.php on line 306.
 1 SYSTEMPATH/Database/MySQLi/Connection.php(306): mysqli->query('SELECT *
FROM `bids`
WHERE `email` = \'rohit.rkshakya@gmail.com\'
 LIMIT 1', 0)
 2 SYSTEMPATH/Database/BaseConnection.php(693): CodeIgniter\Database\MySQLi\Connection->execute('SELECT *
FROM `bids`
WHERE `email` = \'rohit.rkshakya@gmail.com\'
 LIMIT 1')
 3 SYSTEMPATH/Database/BaseConnection.php(607): CodeIgniter\Database\BaseConnection->simpleQuery('SELECT *
FROM `bids`
WHERE `email` = \'rohit.rkshakya@gmail.com\'
 LIMIT 1')
 4 SYSTEMPATH/Database/BaseBuilder.php(1616): CodeIgniter\Database\BaseConnection->query('SELECT *
FROM `bids`
WHERE `email` = :email:
 LIMIT 1', [...], false)
 5 SYSTEMPATH/Model.php(270): CodeIgniter\Database\BaseBuilder->get()
 6 SYSTEMPATH/BaseModel.php(676): CodeIgniter\Model->doFirst()
 7 APPPATH/Controllers/AuthController.php(23): CodeIgniter\BaseModel->first()
 8 SYSTEMPATH/CodeIgniter.php(941): App\Controllers\AuthController->login()
 9 SYSTEMPATH/CodeIgniter.php(502): CodeIgniter\CodeIgniter->runController(Object(App\Controllers\AuthController))
10 SYSTEMPATH/CodeIgniter.php(361): CodeIgniter\CodeIgniter->handleRequest(null, Object(Config\Cache), false)
11 FCPATH/index.php(79): CodeIgniter\CodeIgniter->run()
12 SYSTEMPATH/Commands/Server/rewrite.php(47): require_once('/Users/rohitshakya/Desktop/My Projects/auction/public/index.php')
ERROR - 2024-02-22 05:26:34 --> mysqli_sql_exception: Unknown column 'email' in 'where clause' in /Users/rohitshakya/Desktop/My Projects/auction/vendor/codeigniter4/framework/system/Database/MySQLi/Connection.php:306
Stack trace:
#0 /Users/rohitshakya/Desktop/My Projects/auction/vendor/codeigniter4/framework/system/Database/MySQLi/Connection.php(306): mysqli->query('SELECT *\nFROM `...', 0)
#1 /Users/rohitshakya/Desktop/My Projects/auction/vendor/codeigniter4/framework/system/Database/BaseConnection.php(693): CodeIgniter\Database\MySQLi\Connection->execute('SELECT *\nFROM `...')
#2 /Users/rohitshakya/Desktop/My Projects/auction/vendor/codeigniter4/framework/system/Database/BaseConnection.php(607): CodeIgniter\Database\BaseConnection->simpleQuery('SELECT *\nFROM `...')
#3 /Users/rohitshakya/Desktop/My Projects/auction/vendor/codeigniter4/framework/system/Database/BaseBuilder.php(1616): CodeIgniter\Database\BaseConnection->query('SELECT *\nFROM `...', Array, false)
#4 /Users/rohitshakya/Desktop/My Projects/auction/vendor/codeigniter4/framework/system/Model.php(270): CodeIgniter\Database\BaseBuilder->get()
#5 /Users/rohitshakya/Desktop/My Projects/auction/vendor/codeigniter4/framework/system/BaseModel.php(676): CodeIgniter\Model->doFirst()
#6 /Users/rohitshakya/Desktop/My Projects/auction/app/Controllers/AuthController.php(23): CodeIgniter\BaseModel->first()
#7 /Users/rohitshakya/Desktop/My Projects/auction/vendor/codeigniter4/framework/system/CodeIgniter.php(941): App\Controllers\AuthController->login()
#8 /Users/rohitshakya/Desktop/My Projects/auction/vendor/codeigniter4/framework/system/CodeIgniter.php(502): CodeIgniter\CodeIgniter->runController(Object(App\Controllers\AuthController))
#9 /Users/rohitshakya/Desktop/My Projects/auction/vendor/codeigniter4/framework/system/CodeIgniter.php(361): CodeIgniter\CodeIgniter->handleRequest(NULL, Object(Config\Cache), false)
#10 /Users/rohitshakya/Desktop/My Projects/auction/public/index.php(79): CodeIgniter\CodeIgniter->run()
#11 /Users/rohitshakya/Desktop/My Projects/auction/vendor/codeigniter4/framework/system/Commands/Server/rewrite.php(47): require_once('/Users/rohitsha...')
#12 {main}
CRITICAL - 2024-02-22 05:26:34 --> CodeIgniter\Database\Exceptions\DatabaseException: Unknown column 'email' in 'where clause'
in SYSTEMPATH/Database/BaseConnection.php on line 647.
 1 SYSTEMPATH/Database/BaseBuilder.php(1616): CodeIgniter\Database\BaseConnection->query('SELECT *
FROM `bids`
WHERE `email` = :email:
 LIMIT 1', [...], false)
 2 SYSTEMPATH/Model.php(270): CodeIgniter\Database\BaseBuilder->get()
 3 SYSTEMPATH/BaseModel.php(676): CodeIgniter\Model->doFirst()
 4 APPPATH/Controllers/AuthController.php(23): CodeIgniter\BaseModel->first()
 5 SYSTEMPATH/CodeIgniter.php(941): App\Controllers\AuthController->login()
 6 SYSTEMPATH/CodeIgniter.php(502): CodeIgniter\CodeIgniter->runController(Object(App\Controllers\AuthController))
 7 SYSTEMPATH/CodeIgniter.php(361): CodeIgniter\CodeIgniter->handleRequest(null, Object(Config\Cache), false)
 8 FCPATH/index.php(79): CodeIgniter\CodeIgniter->run()
 9 SYSTEMPATH/Commands/Server/rewrite.php(47): require_once('/Users/rohitshakya/Desktop/My Projects/auction/public/index.php')
CRITICAL - 2024-02-22 05:26:34 --> [Caused by] CodeIgniter\Database\Exceptions\DatabaseException: Unknown column 'email' in 'where clause'
in SYSTEMPATH/Database/MySQLi/Connection.php on line 311.
 1 SYSTEMPATH/Database/BaseConnection.php(693): CodeIgniter\Database\MySQLi\Connection->execute('SELECT *
FROM `bids`
WHERE `email` = \'rohit.rkshakya@gmail.com\'
 LIMIT 1')
 2 SYSTEMPATH/Database/BaseConnection.php(607): CodeIgniter\Database\BaseConnection->simpleQuery('SELECT *
FROM `bids`
WHERE `email` = \'rohit.rkshakya@gmail.com\'
 LIMIT 1')
 3 SYSTEMPATH/Database/BaseBuilder.php(1616): CodeIgniter\Database\BaseConnection->query('SELECT *
FROM `bids`
WHERE `email` = :email:
 LIMIT 1', [...], false)
 4 SYSTEMPATH/Model.php(270): CodeIgniter\Database\BaseBuilder->get()
 5 SYSTEMPATH/BaseModel.php(676): CodeIgniter\Model->doFirst()
 6 APPPATH/Controllers/AuthController.php(23): CodeIgniter\BaseModel->first()
 7 SYSTEMPATH/CodeIgniter.php(941): App\Controllers\AuthController->login()
 8 SYSTEMPATH/CodeIgniter.php(502): CodeIgniter\CodeIgniter->runController(Object(App\Controllers\AuthController))
 9 SYSTEMPATH/CodeIgniter.php(361): CodeIgniter\CodeIgniter->handleRequest(null, Object(Config\Cache), false)
10 FCPATH/index.php(79): CodeIgniter\CodeIgniter->run()
11 SYSTEMPATH/Commands/Server/rewrite.php(47): require_once('/Users/rohitshakya/Desktop/My Projects/auction/public/index.php')
CRITICAL - 2024-02-22 05:26:34 --> [Caused by] mysqli_sql_exception: Unknown column 'email' in 'where clause'
in SYSTEMPATH/Database/MySQLi/Connection.php on line 306.
 1 SYSTEMPATH/Database/MySQLi/Connection.php(306): mysqli->query('SELECT *
FROM `bids`
WHERE `email` = \'rohit.rkshakya@gmail.com\'
 LIMIT 1', 0)
 2 SYSTEMPATH/Database/BaseConnection.php(693): CodeIgniter\Database\MySQLi\Connection->execute('SELECT *
FROM `bids`
WHERE `email` = \'rohit.rkshakya@gmail.com\'
 LIMIT 1')
 3 SYSTEMPATH/Database/BaseConnection.php(607): CodeIgniter\Database\BaseConnection->simpleQuery('SELECT *
FROM `bids`
WHERE `email` = \'rohit.rkshakya@gmail.com\'
 LIMIT 1')
 4 SYSTEMPATH/Database/BaseBuilder.php(1616): CodeIgniter\Database\BaseConnection->query('SELECT *
FROM `bids`
WHERE `email` = :email:
 LIMIT 1', [...], false)
 5 SYSTEMPATH/Model.php(270): CodeIgniter\Database\BaseBuilder->get()
 6 SYSTEMPATH/BaseModel.php(676): CodeIgniter\Model->doFirst()
 7 APPPATH/Controllers/AuthController.php(23): CodeIgniter\BaseModel->first()
 8 SYSTEMPATH/CodeIgniter.php(941): App\Controllers\AuthController->login()
 9 SYSTEMPATH/CodeIgniter.php(502): CodeIgniter\CodeIgniter->runController(Object(App\Controllers\AuthController))
10 SYSTEMPATH/CodeIgniter.php(361): CodeIgniter\CodeIgniter->handleRequest(null, Object(Config\Cache), false)
11 FCPATH/index.php(79): CodeIgniter\CodeIgniter->run()
12 SYSTEMPATH/Commands/Server/rewrite.php(47): require_once('/Users/rohitshakya/Desktop/My Projects/auction/public/index.php')
CRITICAL - 2024-02-22 05:36:11 --> CodeIgniter\Database\Exceptions\DataException: There is no data to update.
in SYSTEMPATH/BaseModel.php on line 970.
 1 SYSTEMPATH/BaseModel.php(970): CodeIgniter\Database\Exceptions\DataException::forEmptyDataset('update')
 2 SYSTEMPATH/Model.php(807): CodeIgniter\BaseModel->update([...], [])
 3 APPPATH/Controllers/AuthController.php(28): CodeIgniter\Model->update('1', [...])
 4 SYSTEMPATH/CodeIgniter.php(941): App\Controllers\AuthController->login()
 5 SYSTEMPATH/CodeIgniter.php(502): CodeIgniter\CodeIgniter->runController(Object(App\Controllers\AuthController))
 6 SYSTEMPATH/CodeIgniter.php(361): CodeIgniter\CodeIgniter->handleRequest(null, Object(Config\Cache), false)
 7 FCPATH/index.php(79): CodeIgniter\CodeIgniter->run()
 8 SYSTEMPATH/Commands/Server/rewrite.php(47): require_once('/Users/rohitshakya/Desktop/My Projects/auction/public/index.php')
CRITICAL - 2024-02-22 05:36:24 --> CodeIgniter\Database\Exceptions\DataException: There is no data to update.
in SYSTEMPATH/BaseModel.php on line 970.
 1 SYSTEMPATH/BaseModel.php(970): CodeIgniter\Database\Exceptions\DataException::forEmptyDataset('update')
 2 SYSTEMPATH/Model.php(807): CodeIgniter\BaseModel->update([...], [])
 3 APPPATH/Controllers/AuthController.php(28): CodeIgniter\Model->update('1', [...])
 4 SYSTEMPATH/CodeIgniter.php(941): App\Controllers\AuthController->login()
 5 SYSTEMPATH/CodeIgniter.php(502): CodeIgniter\CodeIgniter->runController(Object(App\Controllers\AuthController))
 6 SYSTEMPATH/CodeIgniter.php(361): CodeIgniter\CodeIgniter->handleRequest(null, Object(Config\Cache), false)
 7 FCPATH/index.php(79): CodeIgniter\CodeIgniter->run()
 8 SYSTEMPATH/Commands/Server/rewrite.php(47): require_once('/Users/rohitshakya/Desktop/My Projects/auction/public/index.php')
CRITICAL - 2024-02-22 05:36:37 --> CodeIgniter\Database\Exceptions\DataException: There is no data to update.
in SYSTEMPATH/BaseModel.php on line 970.
 1 SYSTEMPATH/BaseModel.php(970): CodeIgniter\Database\Exceptions\DataException::forEmptyDataset('update')
 2 SYSTEMPATH/Model.php(807): CodeIgniter\BaseModel->update([...], [])
 3 APPPATH/Controllers/AuthController.php(28): CodeIgniter\Model->update('1', [...])
 4 SYSTEMPATH/CodeIgniter.php(941): App\Controllers\AuthController->login()
 5 SYSTEMPATH/CodeIgniter.php(502): CodeIgniter\CodeIgniter->runController(Object(App\Controllers\AuthController))
 6 SYSTEMPATH/CodeIgniter.php(361): CodeIgniter\CodeIgniter->handleRequest(null, Object(Config\Cache), false)
 7 FCPATH/index.php(79): CodeIgniter\CodeIgniter->run()
 8 SYSTEMPATH/Commands/Server/rewrite.php(47): require_once('/Users/rohitshakya/Desktop/My Projects/auction/public/index.php')
CRITICAL - 2024-02-22 05:36:48 --> CodeIgniter\Database\Exceptions\DataException: There is no data to update.
in SYSTEMPATH/BaseModel.php on line 970.
 1 SYSTEMPATH/BaseModel.php(970): CodeIgniter\Database\Exceptions\DataException::forEmptyDataset('update')
 2 SYSTEMPATH/Model.php(807): CodeIgniter\BaseModel->update([...], [])
 3 APPPATH/Controllers/AuthController.php(28): CodeIgniter\Model->update('1', [...])
 4 SYSTEMPATH/CodeIgniter.php(941): App\Controllers\AuthController->login()
 5 SYSTEMPATH/CodeIgniter.php(502): CodeIgniter\CodeIgniter->runController(Object(App\Controllers\AuthController))
 6 SYSTEMPATH/CodeIgniter.php(361): CodeIgniter\CodeIgniter->handleRequest(null, Object(Config\Cache), false)
 7 FCPATH/index.php(79): CodeIgniter\CodeIgniter->run()
 8 SYSTEMPATH/Commands/Server/rewrite.php(47): require_once('/Users/rohitshakya/Desktop/My Projects/auction/public/index.php')
CRITICAL - 2024-02-22 05:38:31 --> CodeIgniter\Database\Exceptions\DataException: There is no data to update.
in SYSTEMPATH/BaseModel.php on line 970.
 1 SYSTEMPATH/BaseModel.php(970): CodeIgniter\Database\Exceptions\DataException::forEmptyDataset('update')
 2 SYSTEMPATH/Model.php(807): CodeIgniter\BaseModel->update([...], [])
 3 APPPATH/Controllers/AuthController.php(29): CodeIgniter\Model->update('1', [...])
 4 SYSTEMPATH/CodeIgniter.php(941): App\Controllers\AuthController->login()
 5 SYSTEMPATH/CodeIgniter.php(502): CodeIgniter\CodeIgniter->runController(Object(App\Controllers\AuthController))
 6 SYSTEMPATH/CodeIgniter.php(361): CodeIgniter\CodeIgniter->handleRequest(null, Object(Config\Cache), false)
 7 FCPATH/index.php(79): CodeIgniter\CodeIgniter->run()
 8 SYSTEMPATH/Commands/Server/rewrite.php(47): require_once('/Users/rohitshakya/Desktop/My Projects/auction/public/index.php')
CRITICAL - 2024-02-22 05:38:32 --> CodeIgniter\Database\Exceptions\DataException: There is no data to update.
in SYSTEMPATH/BaseModel.php on line 970.
 1 SYSTEMPATH/BaseModel.php(970): CodeIgniter\Database\Exceptions\DataException::forEmptyDataset('update')
 2 SYSTEMPATH/Model.php(807): CodeIgniter\BaseModel->update([...], [])
 3 APPPATH/Controllers/AuthController.php(29): CodeIgniter\Model->update('1', [...])
 4 SYSTEMPATH/CodeIgniter.php(941): App\Controllers\AuthController->login()
 5 SYSTEMPATH/CodeIgniter.php(502): CodeIgniter\CodeIgniter->runController(Object(App\Controllers\AuthController))
 6 SYSTEMPATH/CodeIgniter.php(361): CodeIgniter\CodeIgniter->handleRequest(null, Object(Config\Cache), false)
 7 FCPATH/index.php(79): CodeIgniter\CodeIgniter->run()
 8 SYSTEMPATH/Commands/Server/rewrite.php(47): require_once('/Users/rohitshakya/Desktop/My Projects/auction/public/index.php')
CRITICAL - 2024-02-22 05:39:15 --> CodeIgniter\Database\Exceptions\DataException: There is no data to update.
in SYSTEMPATH/BaseModel.php on line 970.
 1 SYSTEMPATH/BaseModel.php(970): CodeIgniter\Database\Exceptions\DataException::forEmptyDataset('update')
 2 SYSTEMPATH/Model.php(807): CodeIgniter\BaseModel->update([...], [])
 3 APPPATH/Controllers/AuthController.php(29): CodeIgniter\Model->update('1', [...])
 4 SYSTEMPATH/CodeIgniter.php(941): App\Controllers\AuthController->login()
 5 SYSTEMPATH/CodeIgniter.php(502): CodeIgniter\CodeIgniter->runController(Object(App\Controllers\AuthController))
 6 SYSTEMPATH/CodeIgniter.php(361): CodeIgniter\CodeIgniter->handleRequest(null, Object(Config\Cache), false)
 7 FCPATH/index.php(79): CodeIgniter\CodeIgniter->run()
 8 SYSTEMPATH/Commands/Server/rewrite.php(47): require_once('/Users/rohitshakya/Desktop/My Projects/auction/public/index.php')
