ERROR - 2024-02-23 06:05:59 --> Error connecting to the database: mysqli_sql_exception: Connection refused in /Users/rohitshakya/Desktop/My Projects/auction/vendor/codeigniter4/framework/system/Database/MySQLi/Connection.php:184
Stack trace:
#0 /Users/rohitshakya/Desktop/My Projects/auction/vendor/codeigniter4/framework/system/Database/MySQLi/Connection.php(184): mysqli->real_connect('127.0.0.1', 'root', Object(SensitiveParameterValue), 'auction', 3306, '', 0)
#1 /Users/rohitshakya/Desktop/My Projects/auction/vendor/codeigniter4/framework/system/Database/BaseConnection.php(392): CodeIgniter\Database\MySQLi\Connection->connect(false)
#2 /Users/rohitshakya/Desktop/My Projects/auction/vendor/codeigniter4/framework/system/Database/BaseConnection.php(575): CodeIgniter\Database\BaseConnection->initialize()
#3 /Users/rohitshakya/Desktop/My Projects/auction/vendor/codeigniter4/framework/system/Database/BaseBuilder.php(1700): CodeIgniter\Database\BaseConnection->query('SELECT COUNT(*)...', Array, false)
#4 /Users/rohitshakya/Desktop/My Projects/auction/vendor/codeigniter4/framework/system/Model.php(624): CodeIgniter\Database\BaseBuilder->countAllResults(false)
#5 /Users/rohitshakya/Desktop/My Projects/auction/vendor/codeigniter4/framework/system/BaseModel.php(1239): CodeIgniter\Model->countAllResults(false)
#6 /Users/rohitshakya/Desktop/My Projects/auction/app/Models/ProductModel.php(22): CodeIgniter\BaseModel->paginate(10, '', 1)
#7 /Users/rohitshakya/Desktop/My Projects/auction/app/Controllers/ProductController.php(23): App\Models\ProductModel->getAllProducts(1)
#8 /Users/rohitshakya/Desktop/My Projects/auction/vendor/codeigniter4/framework/system/CodeIgniter.php(941): App\Controllers\ProductController->getProducts()
#9 /Users/rohitshakya/Desktop/My Projects/auction/vendor/codeigniter4/framework/system/CodeIgniter.php(502): CodeIgniter\CodeIgniter->runController(Object(App\Controllers\ProductController))
#10 /Users/rohitshakya/Desktop/My Projects/auction/vendor/codeigniter4/framework/system/CodeIgniter.php(361): CodeIgniter\CodeIgniter->handleRequest(NULL, Object(Config\Cache), false)
#11 /Users/rohitshakya/Desktop/My Projects/auction/public/index.php(79): CodeIgniter\CodeIgniter->run()
#12 /Users/rohitshakya/Desktop/My Projects/auction/vendor/codeigniter4/framework/system/Commands/Server/rewrite.php(47): require_once('/Users/rohitsha...')
#13 {main}

Next CodeIgniter\Database\Exceptions\DatabaseException: Connection refused in /Users/rohitshakya/Desktop/My Projects/auction/vendor/codeigniter4/framework/system/Database/MySQLi/Connection.php:229
Stack trace:
#0 /Users/rohitshakya/Desktop/My Projects/auction/vendor/codeigniter4/framework/system/Database/BaseConnection.php(392): CodeIgniter\Database\MySQLi\Connection->connect(false)
#1 /Users/rohitshakya/Desktop/My Projects/auction/vendor/codeigniter4/framework/system/Database/BaseConnection.php(575): CodeIgniter\Database\BaseConnection->initialize()
#2 /Users/rohitshakya/Desktop/My Projects/auction/vendor/codeigniter4/framework/system/Database/BaseBuilder.php(1700): CodeIgniter\Database\BaseConnection->query('SELECT COUNT(*)...', Array, false)
#3 /Users/rohitshakya/Desktop/My Projects/auction/vendor/codeigniter4/framework/system/Model.php(624): CodeIgniter\Database\BaseBuilder->countAllResults(false)
#4 /Users/rohitshakya/Desktop/My Projects/auction/vendor/codeigniter4/framework/system/BaseModel.php(1239): CodeIgniter\Model->countAllResults(false)
#5 /Users/rohitshakya/Desktop/My Projects/auction/app/Models/ProductModel.php(22): CodeIgniter\BaseModel->paginate(10, '', 1)
#6 /Users/rohitshakya/Desktop/My Projects/auction/app/Controllers/ProductController.php(23): App\Models\ProductModel->getAllProducts(1)
#7 /Users/rohitshakya/Desktop/My Projects/auction/vendor/codeigniter4/framework/system/CodeIgniter.php(941): App\Controllers\ProductController->getProducts()
#8 /Users/rohitshakya/Desktop/My Projects/auction/vendor/codeigniter4/framework/system/CodeIgniter.php(502): CodeIgniter\CodeIgniter->runController(Object(App\Controllers\ProductController))
#9 /Users/rohitshakya/Desktop/My Projects/auction/vendor/codeigniter4/framework/system/CodeIgniter.php(361): CodeIgniter\CodeIgniter->handleRequest(NULL, Object(Config\Cache), false)
#10 /Users/rohitshakya/Desktop/My Projects/auction/public/index.php(79): CodeIgniter\CodeIgniter->run()
#11 /Users/rohitshakya/Desktop/My Projects/auction/vendor/codeigniter4/framework/system/Commands/Server/rewrite.php(47): require_once('/Users/rohitsha...')
#12 {main}
CRITICAL - 2024-02-23 06:05:59 --> CodeIgniter\Database\Exceptions\DatabaseException: Unable to connect to the database.
Main connection [MySQLi]: Connection refused
in SYSTEMPATH/Database/BaseConnection.php on line 428.
 1 SYSTEMPATH/Database/BaseConnection.php(575): CodeIgniter\Database\BaseConnection->initialize()
 2 SYSTEMPATH/Database/BaseBuilder.php(1700): CodeIgniter\Database\BaseConnection->query('SELECT COUNT(*) AS `numrows`
FROM `products`', [], false)
 3 SYSTEMPATH/Model.php(624): CodeIgniter\Database\BaseBuilder->countAllResults(false)
 4 SYSTEMPATH/BaseModel.php(1239): CodeIgniter\Model->countAllResults(false)
 5 APPPATH/Models/ProductModel.php(22): CodeIgniter\BaseModel->paginate(10, '', 1)
 6 APPPATH/Controllers/ProductController.php(23): App\Models\ProductModel->getAllProducts(1)
 7 SYSTEMPATH/CodeIgniter.php(941): App\Controllers\ProductController->getProducts()
 8 SYSTEMPATH/CodeIgniter.php(502): CodeIgniter\CodeIgniter->runController(Object(App\Controllers\ProductController))
 9 SYSTEMPATH/CodeIgniter.php(361): CodeIgniter\CodeIgniter->handleRequest(null, Object(Config\Cache), false)
10 FCPATH/index.php(79): CodeIgniter\CodeIgniter->run()
11 SYSTEMPATH/Commands/Server/rewrite.php(47): require_once('/Users/rohitshakya/Desktop/My Projects/auction/public/index.php')
ERROR - 2024-02-23 06:06:10 --> Error connecting to the database: mysqli_sql_exception: Connection refused in /Users/rohitshakya/Desktop/My Projects/auction/vendor/codeigniter4/framework/system/Database/MySQLi/Connection.php:184
Stack trace:
#0 /Users/rohitshakya/Desktop/My Projects/auction/vendor/codeigniter4/framework/system/Database/MySQLi/Connection.php(184): mysqli->real_connect('127.0.0.1', 'root', Object(SensitiveParameterValue), 'auction', 3306, '', 0)
#1 /Users/rohitshakya/Desktop/My Projects/auction/vendor/codeigniter4/framework/system/Database/BaseConnection.php(392): CodeIgniter\Database\MySQLi\Connection->connect(false)
#2 /Users/rohitshakya/Desktop/My Projects/auction/vendor/codeigniter4/framework/system/Database/BaseConnection.php(575): CodeIgniter\Database\BaseConnection->initialize()
#3 /Users/rohitshakya/Desktop/My Projects/auction/vendor/codeigniter4/framework/system/Database/BaseBuilder.php(1700): CodeIgniter\Database\BaseConnection->query('SELECT COUNT(*)...', Array, false)
#4 /Users/rohitshakya/Desktop/My Projects/auction/vendor/codeigniter4/framework/system/Model.php(624): CodeIgniter\Database\BaseBuilder->countAllResults(false)
#5 /Users/rohitshakya/Desktop/My Projects/auction/vendor/codeigniter4/framework/system/BaseModel.php(1239): CodeIgniter\Model->countAllResults(false)
#6 /Users/rohitshakya/Desktop/My Projects/auction/app/Models/ProductModel.php(22): CodeIgniter\BaseModel->paginate(10, '', 1)
#7 /Users/rohitshakya/Desktop/My Projects/auction/app/Controllers/ProductController.php(23): App\Models\ProductModel->getAllProducts(1)
#8 /Users/rohitshakya/Desktop/My Projects/auction/vendor/codeigniter4/framework/system/CodeIgniter.php(941): App\Controllers\ProductController->getProducts()
#9 /Users/rohitshakya/Desktop/My Projects/auction/vendor/codeigniter4/framework/system/CodeIgniter.php(502): CodeIgniter\CodeIgniter->runController(Object(App\Controllers\ProductController))
#10 /Users/rohitshakya/Desktop/My Projects/auction/vendor/codeigniter4/framework/system/CodeIgniter.php(361): CodeIgniter\CodeIgniter->handleRequest(NULL, Object(Config\Cache), false)
#11 /Users/rohitshakya/Desktop/My Projects/auction/public/index.php(79): CodeIgniter\CodeIgniter->run()
#12 /Users/rohitshakya/Desktop/My Projects/auction/vendor/codeigniter4/framework/system/Commands/Server/rewrite.php(47): require_once('/Users/rohitsha...')
#13 {main}

Next CodeIgniter\Database\Exceptions\DatabaseException: Connection refused in /Users/rohitshakya/Desktop/My Projects/auction/vendor/codeigniter4/framework/system/Database/MySQLi/Connection.php:229
Stack trace:
#0 /Users/rohitshakya/Desktop/My Projects/auction/vendor/codeigniter4/framework/system/Database/BaseConnection.php(392): CodeIgniter\Database\MySQLi\Connection->connect(false)
#1 /Users/rohitshakya/Desktop/My Projects/auction/vendor/codeigniter4/framework/system/Database/BaseConnection.php(575): CodeIgniter\Database\BaseConnection->initialize()
#2 /Users/rohitshakya/Desktop/My Projects/auction/vendor/codeigniter4/framework/system/Database/BaseBuilder.php(1700): CodeIgniter\Database\BaseConnection->query('SELECT COUNT(*)...', Array, false)
#3 /Users/rohitshakya/Desktop/My Projects/auction/vendor/codeigniter4/framework/system/Model.php(624): CodeIgniter\Database\BaseBuilder->countAllResults(false)
#4 /Users/rohitshakya/Desktop/My Projects/auction/vendor/codeigniter4/framework/system/BaseModel.php(1239): CodeIgniter\Model->countAllResults(false)
#5 /Users/rohitshakya/Desktop/My Projects/auction/app/Models/ProductModel.php(22): CodeIgniter\BaseModel->paginate(10, '', 1)
#6 /Users/rohitshakya/Desktop/My Projects/auction/app/Controllers/ProductController.php(23): App\Models\ProductModel->getAllProducts(1)
#7 /Users/rohitshakya/Desktop/My Projects/auction/vendor/codeigniter4/framework/system/CodeIgniter.php(941): App\Controllers\ProductController->getProducts()
#8 /Users/rohitshakya/Desktop/My Projects/auction/vendor/codeigniter4/framework/system/CodeIgniter.php(502): CodeIgniter\CodeIgniter->runController(Object(App\Controllers\ProductController))
#9 /Users/rohitshakya/Desktop/My Projects/auction/vendor/codeigniter4/framework/system/CodeIgniter.php(361): CodeIgniter\CodeIgniter->handleRequest(NULL, Object(Config\Cache), false)
#10 /Users/rohitshakya/Desktop/My Projects/auction/public/index.php(79): CodeIgniter\CodeIgniter->run()
#11 /Users/rohitshakya/Desktop/My Projects/auction/vendor/codeigniter4/framework/system/Commands/Server/rewrite.php(47): require_once('/Users/rohitsha...')
#12 {main}
CRITICAL - 2024-02-23 06:06:10 --> CodeIgniter\Database\Exceptions\DatabaseException: Unable to connect to the database.
Main connection [MySQLi]: Connection refused
in SYSTEMPATH/Database/BaseConnection.php on line 428.
 1 SYSTEMPATH/Database/BaseConnection.php(575): CodeIgniter\Database\BaseConnection->initialize()
 2 SYSTEMPATH/Database/BaseBuilder.php(1700): CodeIgniter\Database\BaseConnection->query('SELECT COUNT(*) AS `numrows`
FROM `products`', [], false)
 3 SYSTEMPATH/Model.php(624): CodeIgniter\Database\BaseBuilder->countAllResults(false)
 4 SYSTEMPATH/BaseModel.php(1239): CodeIgniter\Model->countAllResults(false)
 5 APPPATH/Models/ProductModel.php(22): CodeIgniter\BaseModel->paginate(10, '', 1)
 6 APPPATH/Controllers/ProductController.php(23): App\Models\ProductModel->getAllProducts(1)
 7 SYSTEMPATH/CodeIgniter.php(941): App\Controllers\ProductController->getProducts()
 8 SYSTEMPATH/CodeIgniter.php(502): CodeIgniter\CodeIgniter->runController(Object(App\Controllers\ProductController))
 9 SYSTEMPATH/CodeIgniter.php(361): CodeIgniter\CodeIgniter->handleRequest(null, Object(Config\Cache), false)
10 FCPATH/index.php(79): CodeIgniter\CodeIgniter->run()
11 SYSTEMPATH/Commands/Server/rewrite.php(47): require_once('/Users/rohitshakya/Desktop/My Projects/auction/public/index.php')
CRITICAL - 2024-02-23 06:22:13 --> ErrorException: Array to string conversion
in APPPATH/Controllers/AuthController.php on line 31.
 1 APPPATH/Controllers/AuthController.php(31): CodeIgniter\Debug\Exceptions->errorHandler(2, 'Array to string conversion', '/Users/rohitshakya/Desktop/My Projects/auction/app/Controllers/AuthController.php', 31)
 2 SYSTEMPATH/CodeIgniter.php(941): App\Controllers\AuthController->login()
 3 SYSTEMPATH/CodeIgniter.php(502): CodeIgniter\CodeIgniter->runController(Object(App\Controllers\AuthController))
 4 SYSTEMPATH/CodeIgniter.php(361): CodeIgniter\CodeIgniter->handleRequest(null, Object(Config\Cache), false)
 5 FCPATH/index.php(79): CodeIgniter\CodeIgniter->run()
 6 SYSTEMPATH/Commands/Server/rewrite.php(47): require_once('/Users/rohitshakya/Desktop/My Projects/auction/public/index.php')
CRITICAL - 2024-02-23 06:22:14 --> ErrorException: Array to string conversion
in APPPATH/Controllers/AuthController.php on line 31.
 1 APPPATH/Controllers/AuthController.php(31): CodeIgniter\Debug\Exceptions->errorHandler(2, 'Array to string conversion', '/Users/rohitshakya/Desktop/My Projects/auction/app/Controllers/AuthController.php', 31)
 2 SYSTEMPATH/CodeIgniter.php(941): App\Controllers\AuthController->login()
 3 SYSTEMPATH/CodeIgniter.php(502): CodeIgniter\CodeIgniter->runController(Object(App\Controllers\AuthController))
 4 SYSTEMPATH/CodeIgniter.php(361): CodeIgniter\CodeIgniter->handleRequest(null, Object(Config\Cache), false)
 5 FCPATH/index.php(79): CodeIgniter\CodeIgniter->run()
 6 SYSTEMPATH/Commands/Server/rewrite.php(47): require_once('/Users/rohitshakya/Desktop/My Projects/auction/public/index.php')
CRITICAL - 2024-02-23 06:22:15 --> ErrorException: Array to string conversion
in APPPATH/Controllers/AuthController.php on line 31.
 1 APPPATH/Controllers/AuthController.php(31): CodeIgniter\Debug\Exceptions->errorHandler(2, 'Array to string conversion', '/Users/rohitshakya/Desktop/My Projects/auction/app/Controllers/AuthController.php', 31)
 2 SYSTEMPATH/CodeIgniter.php(941): App\Controllers\AuthController->login()
 3 SYSTEMPATH/CodeIgniter.php(502): CodeIgniter\CodeIgniter->runController(Object(App\Controllers\AuthController))
 4 SYSTEMPATH/CodeIgniter.php(361): CodeIgniter\CodeIgniter->handleRequest(null, Object(Config\Cache), false)
 5 FCPATH/index.php(79): CodeIgniter\CodeIgniter->run()
 6 SYSTEMPATH/Commands/Server/rewrite.php(47): require_once('/Users/rohitshakya/Desktop/My Projects/auction/public/index.php')
CRITICAL - 2024-02-23 06:22:23 --> ErrorException: Array to string conversion
in APPPATH/Controllers/AuthController.php on line 31.
 1 APPPATH/Controllers/AuthController.php(31): CodeIgniter\Debug\Exceptions->errorHandler(2, 'Array to string conversion', '/Users/rohitshakya/Desktop/My Projects/auction/app/Controllers/AuthController.php', 31)
 2 SYSTEMPATH/CodeIgniter.php(941): App\Controllers\AuthController->login()
 3 SYSTEMPATH/CodeIgniter.php(502): CodeIgniter\CodeIgniter->runController(Object(App\Controllers\AuthController))
 4 SYSTEMPATH/CodeIgniter.php(361): CodeIgniter\CodeIgniter->handleRequest(null, Object(Config\Cache), false)
 5 FCPATH/index.php(79): CodeIgniter\CodeIgniter->run()
 6 SYSTEMPATH/Commands/Server/rewrite.php(47): require_once('/Users/rohitshakya/Desktop/My Projects/auction/public/index.php')
CRITICAL - 2024-02-23 06:22:38 --> ErrorException: Array to string conversion
in APPPATH/Controllers/AuthController.php on line 31.
 1 APPPATH/Controllers/AuthController.php(31): CodeIgniter\Debug\Exceptions->errorHandler(2, 'Array to string conversion', '/Users/rohitshakya/Desktop/My Projects/auction/app/Controllers/AuthController.php', 31)
 2 SYSTEMPATH/CodeIgniter.php(941): App\Controllers\AuthController->login()
 3 SYSTEMPATH/CodeIgniter.php(502): CodeIgniter\CodeIgniter->runController(Object(App\Controllers\AuthController))
 4 SYSTEMPATH/CodeIgniter.php(361): CodeIgniter\CodeIgniter->handleRequest(null, Object(Config\Cache), false)
 5 FCPATH/index.php(79): CodeIgniter\CodeIgniter->run()
 6 SYSTEMPATH/Commands/Server/rewrite.php(47): require_once('/Users/rohitshakya/Desktop/My Projects/auction/public/index.php')
CRITICAL - 2024-02-23 06:24:11 --> ErrorException: Array to string conversion
in APPPATH/Controllers/AuthController.php on line 32.
 1 APPPATH/Controllers/AuthController.php(32): CodeIgniter\Debug\Exceptions->errorHandler(2, 'Array to string conversion', '/Users/rohitshakya/Desktop/My Projects/auction/app/Controllers/AuthController.php', 32)
 2 SYSTEMPATH/CodeIgniter.php(941): App\Controllers\AuthController->login()
 3 SYSTEMPATH/CodeIgniter.php(502): CodeIgniter\CodeIgniter->runController(Object(App\Controllers\AuthController))
 4 SYSTEMPATH/CodeIgniter.php(361): CodeIgniter\CodeIgniter->handleRequest(null, Object(Config\Cache), false)
 5 FCPATH/index.php(79): CodeIgniter\CodeIgniter->run()
 6 SYSTEMPATH/Commands/Server/rewrite.php(47): require_once('/Users/rohitshakya/Desktop/My Projects/auction/public/index.php')
CRITICAL - 2024-02-23 06:24:58 --> ErrorException: Array to string conversion
in APPPATH/Controllers/AuthController.php on line 34.
 1 APPPATH/Controllers/AuthController.php(34): CodeIgniter\Debug\Exceptions->errorHandler(2, 'Array to string conversion', '/Users/rohitshakya/Desktop/My Projects/auction/app/Controllers/AuthController.php', 34)
 2 SYSTEMPATH/CodeIgniter.php(941): App\Controllers\AuthController->login()
 3 SYSTEMPATH/CodeIgniter.php(502): CodeIgniter\CodeIgniter->runController(Object(App\Controllers\AuthController))
 4 SYSTEMPATH/CodeIgniter.php(361): CodeIgniter\CodeIgniter->handleRequest(null, Object(Config\Cache), false)
 5 FCPATH/index.php(79): CodeIgniter\CodeIgniter->run()
 6 SYSTEMPATH/Commands/Server/rewrite.php(47): require_once('/Users/rohitshakya/Desktop/My Projects/auction/public/index.php')
